{"meta": {"format": 3, "version": "7.13.4", "timestamp": "2026-03-11T14:25:10.773298", "branch_coverage": false, "show_contexts": false}, "files": {"refactron\\__init__.py": {"executed_lines": [7, 8, 9, 10, 12, 13, 15], "summary": {"covered_lines": 7, "num_statements": 7, "percent_covered": 100.0, "percent_covered_display": "100", "missing_lines": 0, "excluded_lines": 0, "percent_statements_covered": 100.0, "percent_statements_covered_display": "100"}, "missing_lines": [], "excluded_lines": [], "functions": {"": {"executed_lines": [7, 8, 9, 10, 12, 13, 15], "summary": {"covered_lines": 7, "num_statements": 7, "percent_covered": 100.0, "percent_covered_display": "100", "missing_lines": 0, "excluded_lines": 0, "percent_statements_covered": 100.0, "percent_statements_covered_display": "100"}, "missing_lines": [], "excluded_lines": [], "start_line": 1}}, "classes": {"": {"executed_lines": [7, 8, 9, 10, 12, 13, 15], "summary": {"covered_lines": 7, "num_statements": 7, "percent_covered": 100.0, "percent_covered_display": "100", "missing_lines": 0, "excluded_lines": 0, "percent_statements_covered": 100.0, "percent_statements_covered_display": "100"}, "missing_lines": [], "excluded_lines": [], "start_line": 1}}}, "refactron\\ai\\__init__.py": {"executed_lines": [], "summary": {"covered_lines": 0, "num_statements": 0, "percent_covered": 100.0, "percent_covered_display": "100", "missing_lines": 0, "excluded_lines": 0, "percent_statements_covered": 100.0, "percent_statements_covered_display": "100"}, "missing_lines": [], "excluded_lines": [], "functions": {"": {"executed_lines": [], "summary": {"covered_lines": 0, "num_statements": 0, "percent_covered": 100.0, "percent_covered_display": "100", "missing_lines": 0, "excluded_lines": 0, "percent_statements_covered": 100.0, "percent_statements_covered_display": "100"}, "missing_lines": [], "excluded_lines": [], "start_line": 1}}, "classes": {"": {"executed_lines": [], "summary": {"covered_lines": 0, "num_statements": 0, "percent_covered": 100.0, "percent_covered_display": "100", "missing_lines": 0, "excluded_lines": 0, "percent_statements_covered": 100.0, "percent_statements_covered_display": "100"}, "missing_lines": [], "excluded_lines": [], "start_line": 1}}}, "refactron\\analyzers\\__init__.py": {"executed_lines": [], "summary": {"covered_lines": 0, "num_statements": 0, "percent_covered": 100.0, "percent_covered_display": "100", "missing_lines": 0, "excluded_lines": 0, "percent_statements_covered": 100.0, "percent_statements_covered_display": "100"}, "missing_lines": [], "excluded_lines": [], "functions": {"": {"executed_lines": [], "summary": {"covered_lines": 0, "num_statements": 0, "percent_covered": 100.0, "percent_covered_display": "100", "missing_lines": 0, "excluded_lines": 0, "percent_statements_covered": 100.0, "percent_statements_covered_display": "100"}, "missing_lines": [], "excluded_lines": [], "start_line": 1}}, "classes": {"": {"executed_lines": [], "summary": {"covered_lines": 0, "num_statements": 0, "percent_covered": 100.0, "percent_covered_display": "100", "missing_lines": 0, "excluded_lines": 0, "percent_statements_covered": 100.0, "percent_statements_covered_display": "100"}, "missing_lines": [], "excluded_lines": [], "start_line": 1}}}, "refactron\\analyzers\\base_analyzer.py": {"executed_lines": [3, 4, 5, 7, 8, 11, 14, 21, 23, 24, 37, 38, 39], "summary": {"covered_lines": 13, "num_statements": 15, "percent_covered": 86.66666666666667, "percent_covered_display": "87", "missing_lines": 2, "excluded_lines": 0, "percent_statements_covered": 86.66666666666667, "percent_statements_covered_display": "87"}, "missing_lines": [35, 41], "excluded_lines": [], "functions": {"BaseAnalyzer.__init__": {"executed_lines": [21], "summary": {"covered_lines": 1, "num_statements": 1, "percent_covered": 100.0, "percent_covered_display": "100", "missing_lines": 0, "excluded_lines": 0, "percent_statements_covered": 100.0, "percent_statements_covered_display": "100"}, "missing_lines": [], "excluded_lines": [], "start_line": 14}, "BaseAnalyzer.analyze": {"executed_lines": [], "summary": {"covered_lines": 0, "num_statements": 1, "percent_covered": 0.0, "percent_covered_display": "0", "missing_lines": 1, "excluded_lines": 0, "percent_statements_covered": 0.0, "percent_statements_covered_display": "0"}, "missing_lines": [35], "excluded_lines": [], "start_line": 24}, "BaseAnalyzer.name": {"executed_lines": [], "summary": {"covered_lines": 0, "num_statements": 1, "percent_covered": 0.0, "percent_covered_display": "0", "missing_lines": 1, "excluded_lines": 0, "percent_statements_covered": 0.0, "percent_statements_covered_display": "0"}, "missing_lines": [41], "excluded_lines": [], "start_line": 39}, "": {"executed_lines": [3, 4, 5, 7, 8, 11, 14, 23, 24, 37, 38, 39], "summary": {"covered_lines": 12, "num_statements": 12, "percent_covered": 100.0, "percent_covered_display": "100", "missing_lines": 0, "excluded_lines": 0, "percent_statements_covered": 100.0, "percent_statements_covered_display": "100"}, "missing_lines": [], "excluded_lines": [], "start_line": 1}}, "classes": {"BaseAnalyzer": {"executed_lines": [21], "summary": {"covered_lines": 1, "num_statements": 3, "percent_covered": 33.333333333333336, "percent_covered_display": "33", "missing_lines": 2, "excluded_lines": 0, "percent_statements_covered": 33.333333333333336, "percent_statements_covered_display": "33"}, "missing_lines": [35, 41], "excluded_lines": [], "start_line": 11}, "": {"executed_lines": [3, 4, 5, 7, 8, 11, 14, 23, 24, 37, 38, 39], "summary": {"covered_lines": 12, "num_statements": 12, "percent_covered": 100.0, "percent_covered_display": "100", "missing_lines": 0, "excluded_lines": 0, "percent_statements_covered": 100.0, "percent_statements_covered_display": "100"}, "missing_lines": [], "excluded_lines": [], "start_line": 1}}}, "refactron\\analyzers\\code_smell_analyzer.py": {"executed_lines": [3, 4, 5, 6, 8, 9, 10, 11, 14, 17, 22, 23, 25, 26, 27, 29, 40, 42, 43, 46, 47, 48, 49, 50, 51, 52, 54, 55, 62, 65, 68, 72, 73, 75, 77, 81, 83, 84, 85, 87, 89, 91, 93, 94, 95, 97, 98, 112, 114, 116, 123, 124, 126, 128, 129, 131, 132, 133, 134, 136, 138, 139, 140, 142, 143, 154, 156, 158, 160, 163, 165, 166, 167, 170, 171, 172, 173, 174, 176, 177, 178, 179, 191, 192, 193, 195, 197, 199, 201, 203, 205, 206, 216, 218, 220, 222, 224, 225, 227, 228, 230, 231, 232, 233, 244, 246, 248, 252, 253, 254, 257, 258, 259, 260, 261, 262, 263, 264, 265, 266, 267, 273, 274, 275, 276, 278, 279, 282, 283, 286, 290, 291, 292, 293, 294, 296, 297, 299, 300, 310, 312, 314, 316, 318, 320, 322, 323, 326, 328, 329, 331, 333, 336, 337, 339, 340, 341, 349, 350, 352, 354, 355, 358, 359, 360, 361, 362, 363, 364, 365, 367, 368, 369, 370, 371, 374, 375, 376, 392, 393, 395], "summary": {"covered_lines": 181, "num_statements": 185, "percent_covered": 97.83783783783784, "percent_covered_display": "98", "missing_lines": 4, "excluded_lines": 0, "percent_statements_covered": 97.83783783783784, "percent_statements_covered_display": "98"}, "missing_lines": [287, 344, 345, 346], "excluded_lines": [], "functions": {"CodeSmellAnalyzer.__init__": {"executed_lines": [22, 23], "summary": {"covered_lines": 2, "num_statements": 2, "percent_covered": 100.0, "percent_covered_display": "100", "missing_lines": 0, "excluded_lines": 0, "percent_statements_covered": 100.0, "percent_statements_covered_display": "100"}, "missing_lines": [], "excluded_lines": [], "start_line": 17}, "CodeSmellAnalyzer.name": {"executed_lines": [27], "summary": {"covered_lines": 1, "num_statements": 1, "percent_covered": 100.0, "percent_covered_display": "100", "missing_lines": 0, "excluded_lines": 0, "percent_statements_covered": 100.0, "percent_statements_covered_display": "100"}, "missing_lines": [], "excluded_lines": [], "start_line": 26}, "CodeSmellAnalyzer.analyze": {"executed_lines": [40, 42, 43, 46, 47, 48, 49, 50, 51, 52, 54, 55, 62, 65, 68, 72, 73, 75, 77, 81, 83, 84, 85, 87], "summary": {"covered_lines": 24, "num_statements": 24, "percent_covered": 100.0, "percent_covered_display": "100", "missing_lines": 0, "excluded_lines": 0, "percent_statements_covered": 100.0, "percent_statements_covered_display": "100"}, "missing_lines": [], "excluded_lines": [], "start_line": 29}, "CodeSmellAnalyzer._check_too_many_parameters": {"executed_lines": [91, 93, 94, 95, 97, 98, 112, 114], "summary": {"covered_lines": 8, "num_statements": 8, "percent_covered": 100.0, "percent_covered_display": "100", "missing_lines": 0, "excluded_lines": 0, "percent_statements_covered": 100.0, "percent_statements_covered_display": "100"}, "missing_lines": [], "excluded_lines": [], "start_line": 89}, "CodeSmellAnalyzer._check_nested_depth": {"executed_lines": [123, 124, 126, 138, 139, 140, 142, 143, 154, 156], "summary": {"covered_lines": 10, "num_statements": 10, "percent_covered": 100.0, "percent_covered_display": "100", "missing_lines": 0, "excluded_lines": 0, "percent_statements_covered": 100.0, "percent_statements_covered_display": "100"}, "missing_lines": [], "excluded_lines": [], "start_line": 116}, "CodeSmellAnalyzer._check_nested_depth.get_nesting_depth": {"executed_lines": [128, 129, 131, 132, 133, 134, 136], "summary": {"covered_lines": 7, "num_statements": 7, "percent_covered": 100.0, "percent_covered_display": "100", "missing_lines": 0, "excluded_lines": 0, "percent_statements_covered": 100.0, "percent_statements_covered_display": "100"}, "missing_lines": [], "excluded_lines": [], "start_line": 126}, "CodeSmellAnalyzer._check_duplicate_code": {"executed_lines": [160, 163, 165, 166, 167, 170, 171, 172, 173, 174, 176, 177, 178, 179, 191, 192, 193, 195], "summary": {"covered_lines": 18, "num_statements": 18, "percent_covered": 100.0, "percent_covered_display": "100", "missing_lines": 0, "excluded_lines": 0, "percent_statements_covered": 100.0, "percent_statements_covered_display": "100"}, "missing_lines": [], "excluded_lines": [], "start_line": 158}, "CodeSmellAnalyzer._check_magic_numbers": {"executed_lines": [199, 201, 203, 205, 206, 216, 218], "summary": {"covered_lines": 7, "num_statements": 7, "percent_covered": 100.0, "percent_covered_display": "100", "missing_lines": 0, "excluded_lines": 0, "percent_statements_covered": 100.0, "percent_statements_covered_display": "100"}, "missing_lines": [], "excluded_lines": [], "start_line": 197}, "CodeSmellAnalyzer._check_missing_docstrings": {"executed_lines": [222, 224, 225, 227, 228, 230, 231, 232, 233, 244, 246], "summary": {"covered_lines": 11, "num_statements": 11, "percent_covered": 100.0, "percent_covered_display": "100", "missing_lines": 0, "excluded_lines": 0, "percent_statements_covered": 100.0, "percent_statements_covered_display": "100"}, "missing_lines": [], "excluded_lines": [], "start_line": 220}, "CodeSmellAnalyzer._check_unused_imports": {"executed_lines": [252, 253, 254, 257, 258, 259, 260, 261, 262, 263, 264, 265, 266, 267, 273, 274, 275, 276, 278, 279, 282, 283, 286, 290, 291, 292, 293, 294, 296, 297, 299, 300, 310, 312], "summary": {"covered_lines": 34, "num_statements": 35, "percent_covered": 97.14285714285714, "percent_covered_display": "97", "missing_lines": 1, "excluded_lines": 0, "percent_statements_covered": 97.14285714285714, "percent_statements_covered_display": "97"}, "missing_lines": [287], "excluded_lines": [], "start_line": 248}, "CodeSmellAnalyzer._check_repeated_code_blocks": {"executed_lines": [316, 318, 349, 350, 352, 354, 355, 358, 359, 360, 361, 362, 363, 364, 365, 367, 368, 369, 370, 371, 374, 375, 376, 392, 393, 395], "summary": {"covered_lines": 26, "num_statements": 26, "percent_covered": 100.0, "percent_covered_display": "100", "missing_lines": 0, "excluded_lines": 0, "percent_statements_covered": 100.0, "percent_statements_covered_display": "100"}, "missing_lines": [], "excluded_lines": [], "start_line": 314}, "CodeSmellAnalyzer._check_repeated_code_blocks.get_statement_pattern": {"executed_lines": [320, 322, 323, 328, 336, 337, 339, 340, 341], "summary": {"covered_lines": 9, "num_statements": 12, "percent_covered": 75.0, "percent_covered_display": "75", "missing_lines": 3, "excluded_lines": 0, "percent_statements_covered": 75.0, "percent_statements_covered_display": "75"}, "missing_lines": [344, 345, 346], "excluded_lines": [], "start_line": 318}, "CodeSmellAnalyzer._check_repeated_code_blocks.get_statement_pattern.PatternVisitor.visit_Constant": {"executed_lines": [326], "summary": {"covered_lines": 1, "num_statements": 1, "percent_covered": 100.0, "percent_covered_display": "100", "missing_lines": 0, "excluded_lines": 0, "percent_statements_covered": 100.0, "percent_statements_covered_display": "100"}, "missing_lines": [], "excluded_lines": [], "start_line": 323}, "CodeSmellAnalyzer._check_repeated_code_blocks.get_statement_pattern.PatternVisitor.visit_Name": {"executed_lines": [329, 331, 333], "summary": {"covered_lines": 3, "num_statements": 3, "percent_covered": 100.0, "percent_covered_display": "100", "missing_lines": 0, "excluded_lines": 0, "percent_statements_covered": 100.0, "percent_statements_covered_display": "100"}, "missing_lines": [], "excluded_lines": [], "start_line": 328}, "": {"executed_lines": [3, 4, 5, 6, 8, 9, 10, 11, 14, 17, 25, 26, 29, 89, 116, 158, 197, 220, 248, 314], "summary": {"covered_lines": 20, "num_statements": 20, "percent_covered": 100.0, "percent_covered_display": "100", "missing_lines": 0, "excluded_lines": 0, "percent_statements_covered": 100.0, "percent_statements_covered_display": "100"}, "missing_lines": [], "excluded_lines": [], "start_line": 1}}, "classes": {"CodeSmellAnalyzer": {"executed_lines": [22, 23, 27, 40, 42, 43, 46, 47, 48, 49, 50, 51, 52, 54, 55, 62, 65, 68, 72, 73, 75, 77, 81, 83, 84, 85, 87, 91, 93, 94, 95, 97, 98, 112, 114, 123, 124, 126, 128, 129, 131, 132, 133, 134, 136, 138, 139, 140, 142, 143, 154, 156, 160, 163, 165, 166, 167, 170, 171, 172, 173, 174, 176, 177, 178, 179, 191, 192, 193, 195, 199, 201, 203, 205, 206, 216, 218, 222, 224, 225, 227, 228, 230, 231, 232, 233, 244, 246, 252, 253, 254, 257, 258, 259, 260, 261, 262, 263, 264, 265, 266, 267, 273, 274, 275, 276, 278, 279, 282, 283, 286, 290, 291, 292, 293, 294, 296, 297, 299, 300, 310, 312, 316, 318, 320, 322, 323, 328, 336, 337, 339, 340, 341, 349, 350, 352, 354, 355, 358, 359, 360, 361, 362, 363, 364, 365, 367, 368, 369, 370, 371, 374, 375, 376, 392, 393, 395], "summary": {"covered_lines": 157, "num_statements": 161, "percent_covered": 97.51552795031056, "percent_covered_display": "98", "missing_lines": 4, "excluded_lines": 0, "percent_statements_covered": 97.51552795031056, "percent_statements_covered_display": "98"}, "missing_lines": [287, 344, 345, 346], "excluded_lines": [], "start_line": 14}, "CodeSmellAnalyzer._check_repeated_code_blocks.get_statement_pattern.PatternVisitor": {"executed_lines": [326, 329, 331, 333], "summary": {"covered_lines": 4, "num_statements": 4, "percent_covered": 100.0, "percent_covered_display": "100", "missing_lines": 0, "excluded_lines": 0, "percent_statements_covered": 100.0, "percent_statements_covered_display": "100"}, "missing_lines": [], "excluded_lines": [], "start_line": 322}, "": {"executed_lines": [3, 4, 5, 6, 8, 9, 10, 11, 14, 17, 25, 26, 29, 89, 116, 158, 197, 220, 248, 314], "summary": {"covered_lines": 20, "num_statements": 20, "percent_covered": 100.0, "percent_covered_display": "100", "missing_lines": 0, "excluded_lines": 0, "percent_statements_covered": 100.0, "percent_statements_covered_display": "100"}, "missing_lines": [], "excluded_lines": [], "start_line": 1}}}, "refactron\\analyzers\\complexity_analyzer.py": {"executed_lines": [3, 4, 5, 7, 8, 10, 11, 14, 17, 18, 19, 21, 32, 34, 36, 38, 39, 40, 42, 58, 61, 62, 63, 80, 81, 82, 83, 84, 86, 87, 103, 106, 109, 114, 116, 123, 125, 127, 129, 130, 131, 132, 133, 134, 137, 141, 142, 147, 149, 150, 152, 154, 155, 157, 158, 159, 160, 162, 164, 165, 166, 168, 169, 186, 188, 190, 192, 193, 195, 197, 198, 199, 200, 202, 204, 205, 206, 208, 209, 224, 226], "summary": {"covered_lines": 81, "num_statements": 89, "percent_covered": 91.01123595505618, "percent_covered_display": "91", "missing_lines": 8, "excluded_lines": 0, "percent_statements_covered": 91.01123595505618, "percent_statements_covered_display": "91"}, "missing_lines": [64, 75, 76, 77, 111, 112, 135, 145], "excluded_lines": [], "functions": {"ComplexityAnalyzer.name": {"executed_lines": [19], "summary": {"covered_lines": 1, "num_statements": 1, "percent_covered": 100.0, "percent_covered_display": "100", "missing_lines": 0, "excluded_lines": 0, "percent_statements_covered": 100.0, "percent_statements_covered_display": "100"}, "missing_lines": [], "excluded_lines": [], "start_line": 18}, "ComplexityAnalyzer.analyze": {"executed_lines": [32, 34, 36, 38, 39, 40, 42, 58, 61, 62, 63, 80, 81, 82, 83, 84, 86, 87, 103, 106, 109, 114, 116, 123, 125], "summary": {"covered_lines": 25, "num_statements": 31, "percent_covered": 80.64516129032258, "percent_covered_display": "81", "missing_lines": 6, "excluded_lines": 0, "percent_statements_covered": 80.64516129032258, "percent_statements_covered_display": "81"}, "missing_lines": [64, 75, 76, 77, 111, 112], "excluded_lines": [], "start_line": 21}, "ComplexityAnalyzer._get_complexity_level": {"executed_lines": [129, 130, 131, 132, 133, 134], "summary": {"covered_lines": 6, "num_statements": 7, "percent_covered": 85.71428571428571, "percent_covered_display": "86", "missing_lines": 1, "excluded_lines": 0, "percent_statements_covered": 85.71428571428571, "percent_statements_covered_display": "86"}, "missing_lines": [135], "excluded_lines": [], "start_line": 127}, "ComplexityAnalyzer._get_function_length": {"executed_lines": [141, 142], "summary": {"covered_lines": 2, "num_statements": 3, "percent_covered": 66.66666666666667, "percent_covered_display": "67", "missing_lines": 1, "excluded_lines": 0, "percent_statements_covered": 66.66666666666667, "percent_statements_covered_display": "67"}, "missing_lines": [145], "excluded_lines": [], "start_line": 137}, "ComplexityAnalyzer._check_nested_loops": {"executed_lines": [149, 150, 152, 164, 165, 166, 168, 169, 186, 188], "summary": {"covered_lines": 10, "num_statements": 10, "percent_covered": 100.0, "percent_covered_display": "100", "missing_lines": 0, "excluded_lines": 0, "percent_statements_covered": 100.0, "percent_statements_covered_display": "100"}, "missing_lines": [], "excluded_lines": [], "start_line": 147}, "ComplexityAnalyzer._check_nested_loops.get_loop_depth": {"executed_lines": [154, 155, 157, 158, 159, 160, 162], "summary": {"covered_lines": 7, "num_statements": 7, "percent_covered": 100.0, "percent_covered_display": "100", "missing_lines": 0, "excluded_lines": 0, "percent_statements_covered": 100.0, "percent_statements_covered_display": "100"}, "missing_lines": [], "excluded_lines": [], "start_line": 152}, "ComplexityAnalyzer._check_call_chain_complexity": {"executed_lines": [192, 193, 195, 204, 205, 206, 208, 209, 224, 226], "summary": {"covered_lines": 10, "num_statements": 10, "percent_covered": 100.0, "percent_covered_display": "100", "missing_lines": 0, "excluded_lines": 0, "percent_statements_covered": 100.0, "percent_statements_covered_display": "100"}, "missing_lines": [], "excluded_lines": [], "start_line": 190}, "ComplexityAnalyzer._check_call_chain_complexity.get_chain_length": {"executed_lines": [197, 198, 199, 200, 202], "summary": {"covered_lines": 5, "num_statements": 5, "percent_covered": 100.0, "percent_covered_display": "100", "missing_lines": 0, "excluded_lines": 0, "percent_statements_covered": 100.0, "percent_statements_covered_display": "100"}, "missing_lines": [], "excluded_lines": [], "start_line": 195}, "": {"executed_lines": [3, 4, 5, 7, 8, 10, 11, 14, 17, 18, 21, 127, 137, 147, 190], "summary": {"covered_lines": 15, "num_statements": 15, "percent_covered": 100.0, "percent_covered_display": "100", "missing_lines": 0, "excluded_lines": 0, "percent_statements_covered": 100.0, "percent_statements_covered_display": "100"}, "missing_lines": [], "excluded_lines": [], "start_line": 1}}, "classes": {"ComplexityAnalyzer": {"executed_lines": [19, 32, 34, 36, 38, 39, 40, 42, 58, 61, 62, 63, 80, 81, 82, 83, 84, 86, 87, 103, 106, 109, 114, 116, 123, 125, 129, 130, 131, 132, 133, 134, 141, 142, 149, 150, 152, 154, 155, 157, 158, 159, 160, 162, 164, 165, 166, 168, 169, 186, 188, 192, 193, 195, 197, 198, 199, 200, 202, 204, 205, 206, 208, 209, 224, 226], "summary": {"covered_lines": 66, "num_statements": 74, "percent_covered": 89.1891891891892, "percent_covered_display": "89", "missing_lines": 8, "excluded_lines": 0, "percent_statements_covered": 89.1891891891892, "percent_statements_covered_display": "89"}, "missing_lines": [64, 75, 76, 77, 111, 112, 135, 145], "excluded_lines": [], "start_line": 14}, "": {"executed_lines": [3, 4, 5, 7, 8, 10, 11, 14, 17, 18, 21, 127, 137, 147, 190], "summary": {"covered_lines": 15, "num_statements": 15, "percent_covered": 100.0, "percent_covered_display": "100", "missing_lines": 0, "excluded_lines": 0, "percent_statements_covered": 100.0, "percent_statements_covered_display": "100"}, "missing_lines": [], "excluded_lines": [], "start_line": 1}}}, "refactron\\analyzers\\dead_code_analyzer.py": {"executed_lines": [3, 4, 5, 7, 8, 11, 14, 15, 16, 18, 29, 31, 32, 35, 36, 37, 38, 39, 41, 42, 44, 46, 48, 51, 53, 54, 56, 57, 60, 62, 63, 64, 65, 66, 67, 70, 71, 73, 75, 76, 89, 91, 93, 95, 98, 99, 101, 102, 104, 106, 107, 108, 109, 112, 113, 116, 117, 118, 134, 136, 138, 140, 142, 143, 145, 147, 148, 149, 159, 160, 162, 163, 166, 167, 169, 171, 175, 177, 178, 179, 188, 189, 191, 192, 194, 196, 198, 199, 201, 202, 205, 206, 208, 209, 211, 212, 213, 214, 216, 217, 228, 230, 232, 234, 236, 237, 239, 240, 241, 252, 254, 255, 264, 267, 268, 269, 270, 271, 272, 273, 282, 283, 284, 293, 295, 297, 299, 300, 301, 302, 303, 304, 305, 306, 307], "summary": {"covered_lines": 135, "num_statements": 135, "percent_covered": 100.0, "percent_covered_display": "100", "missing_lines": 0, "excluded_lines": 0, "percent_statements_covered": 100.0, "percent_statements_covered_display": "100"}, "missing_lines": [], "excluded_lines": [], "functions": {"DeadCodeAnalyzer.name": {"executed_lines": [16], "summary": {"covered_lines": 1, "num_statements": 1, "percent_covered": 100.0, "percent_covered_display": "100", "missing_lines": 0, "excluded_lines": 0, "percent_statements_covered": 100.0, "percent_statements_covered_display": "100"}, "missing_lines": [], "excluded_lines": [], "start_line": 15}, "DeadCodeAnalyzer.analyze": {"executed_lines": [29, 31, 32, 35, 36, 37, 38, 39, 41, 42, 44], "summary": {"covered_lines": 11, "num_statements": 11, "percent_covered": 100.0, "percent_covered_display": "100", "missing_lines": 0, "excluded_lines": 0, "percent_statements_covered": 100.0, "percent_statements_covered_display": "100"}, "missing_lines": [], "excluded_lines": [], "start_line": 18}, "DeadCodeAnalyzer._check_unused_functions": {"executed_lines": [48, 51, 53, 54, 56, 57, 60, 62, 63, 64, 65, 66, 67, 70, 71, 73, 75, 76, 89, 91], "summary": {"covered_lines": 20, "num_statements": 20, "percent_covered": 100.0, "percent_covered_display": "100", "missing_lines": 0, "excluded_lines": 0, "percent_statements_covered": 100.0, "percent_statements_covered_display": "100"}, "missing_lines": [], "excluded_lines": [], "start_line": 46}, "DeadCodeAnalyzer._check_unused_variables": {"executed_lines": [95, 98, 99, 101, 102, 104, 106, 107, 108, 109, 112, 113, 116, 117, 118, 134, 136], "summary": {"covered_lines": 17, "num_statements": 17, "percent_covered": 100.0, "percent_covered_display": "100", "missing_lines": 0, "excluded_lines": 0, "percent_statements_covered": 100.0, "percent_statements_covered_display": "100"}, "missing_lines": [], "excluded_lines": [], "start_line": 93}, "DeadCodeAnalyzer._check_unreachable_code": {"executed_lines": [140, 142, 143, 145, 147, 148, 149, 159, 160, 162, 163, 166, 167, 169], "summary": {"covered_lines": 14, "num_statements": 14, "percent_covered": 100.0, "percent_covered_display": "100", "missing_lines": 0, "excluded_lines": 0, "percent_statements_covered": 100.0, "percent_statements_covered_display": "100"}, "missing_lines": [], "excluded_lines": [], "start_line": 138}, "DeadCodeAnalyzer._check_loop_unreachable": {"executed_lines": [175, 177, 178, 179, 188, 189, 191, 192], "summary": {"covered_lines": 8, "num_statements": 8, "percent_covered": 100.0, "percent_covered_display": "100", "missing_lines": 0, "excluded_lines": 0, "percent_statements_covered": 100.0, "percent_statements_covered_display": "100"}, "missing_lines": [], "excluded_lines": [], "start_line": 171}, "DeadCodeAnalyzer._check_empty_functions": {"executed_lines": [196, 198, 199, 201, 202, 205, 206, 208, 209, 211, 212, 213, 214, 216, 217, 228, 230], "summary": {"covered_lines": 17, "num_statements": 17, "percent_covered": 100.0, "percent_covered_display": "100", "missing_lines": 0, "excluded_lines": 0, "percent_statements_covered": 100.0, "percent_statements_covered_display": "100"}, "missing_lines": [], "excluded_lines": [], "start_line": 194}, "DeadCodeAnalyzer._check_redundant_conditions": {"executed_lines": [234, 236, 237, 239, 240, 241, 252, 254, 255, 264, 267, 268, 269, 270, 271, 272, 273, 282, 283, 284, 293, 295], "summary": {"covered_lines": 22, "num_statements": 22, "percent_covered": 100.0, "percent_covered_display": "100", "missing_lines": 0, "excluded_lines": 0, "percent_statements_covered": 100.0, "percent_statements_covered_display": "100"}, "missing_lines": [], "excluded_lines": [], "start_line": 232}, "DeadCodeAnalyzer._is_exported": {"executed_lines": [299, 300, 301, 302, 303, 304, 305, 306, 307], "summary": {"covered_lines": 9, "num_statements": 9, "percent_covered": 100.0, "percent_covered_display": "100", "missing_lines": 0, "excluded_lines": 0, "percent_statements_covered": 100.0, "percent_statements_covered_display": "100"}, "missing_lines": [], "excluded_lines": [], "start_line": 297}, "": {"executed_lines": [3, 4, 5, 7, 8, 11, 14, 15, 18, 46, 93, 138, 171, 194, 232, 297], "summary": {"covered_lines": 16, "num_statements": 16, "percent_covered": 100.0, "percent_covered_display": "100", "missing_lines": 0, "excluded_lines": 0, "percent_statements_covered": 100.0, "percent_statements_covered_display": "100"}, "missing_lines": [], "excluded_lines": [], "start_line": 1}}, "classes": {"DeadCodeAnalyzer": {"executed_lines": [16, 29, 31, 32, 35, 36, 37, 38, 39, 41, 42, 44, 48, 51, 53, 54, 56, 57, 60, 62, 63, 64, 65, 66, 67, 70, 71, 73, 75, 76, 89, 91, 95, 98, 99, 101, 102, 104, 106, 107, 108, 109, 112, 113, 116, 117, 118, 134, 136, 140, 142, 143, 145, 147, 148, 149, 159, 160, 162, 163, 166, 167, 169, 175, 177, 178, 179, 188, 189, 191, 192, 196, 198, 199, 201, 202, 205, 206, 208, 209, 211, 212, 213, 214, 216, 217, 228, 230, 234, 236, 237, 239, 240, 241, 252, 254, 255, 264, 267, 268, 269, 270, 271, 272, 273, 282, 283, 284, 293, 295, 299, 300, 301, 302, 303, 304, 305, 306, 307], "summary": {"covered_lines": 119, "num_statements": 119, "percent_covered": 100.0, "percent_covered_display": "100", "missing_lines": 0, "excluded_lines": 0, "percent_statements_covered": 100.0, "percent_statements_covered_display": "100"}, "missing_lines": [], "excluded_lines": [], "start_line": 11}, "": {"executed_lines": [3, 4, 5, 7, 8, 11, 14, 15, 18, 46, 93, 138, 171, 194, 232, 297], "summary": {"covered_lines": 16, "num_statements": 16, "percent_covered": 100.0, "percent_covered_display": "100", "missing_lines": 0, "excluded_lines": 0, "percent_statements_covered": 100.0, "percent_statements_covered_display": "100"}, "missing_lines": [], "excluded_lines": [], "start_line": 1}}}, "refactron\\analyzers\\dependency_analyzer.py": {"executed_lines": [3, 4, 5, 7, 8, 14, 17, 18, 19, 21, 22, 23, 25, 36, 38, 39, 42, 43, 44, 45, 46, 47, 48, 50, 51, 53, 55, 59, 62, 64, 65, 66, 67, 68, 70, 71, 72, 73, 74, 77, 79, 81, 82, 84, 87, 88, 90, 91, 92, 93, 95, 96, 106, 108, 110, 112, 114, 115, 116, 117, 118, 119, 130, 132, 134, 136, 139, 140, 141, 142, 143, 147, 163, 164, 166, 168, 170, 172, 174, 175, 176, 177, 178, 180, 181, 182, 183, 184, 187, 188, 189, 191, 192, 194, 195, 210, 211, 213, 215, 217, 219, 221, 222, 223, 224, 235, 237, 239, 241, 243, 245, 246, 247, 248, 249, 250, 263, 265, 267, 269, 271, 273, 281, 282, 283, 284, 285, 295, 297, 298, 311, 313, 315, 316, 317, 321, 323, 326, 535, 537, 538, 539, 540], "summary": {"covered_lines": 143, "num_statements": 147, "percent_covered": 97.27891156462584, "percent_covered_display": "97", "missing_lines": 4, "excluded_lines": 2, "percent_statements_covered": 97.27891156462584, "percent_statements_covered_display": "97"}, "missing_lines": [299, 309, 318, 541], "excluded_lines": [10, 11], "functions": {"DependencyAnalyzer.__init__": {"executed_lines": [18, 19], "summary": {"covered_lines": 2, "num_statements": 2, "percent_covered": 100.0, "percent_covered_display": "100", "missing_lines": 0, "excluded_lines": 0, "percent_statements_covered": 100.0, "percent_statements_covered_display": "100"}, "missing_lines": [], "excluded_lines": [], "start_line": 17}, "DependencyAnalyzer.name": {"executed_lines": [23], "summary": {"covered_lines": 1, "num_statements": 1, "percent_covered": 100.0, "percent_covered_display": "100", "missing_lines": 0, "excluded_lines": 0, "percent_statements_covered": 100.0, "percent_statements_covered_display": "100"}, "missing_lines": [], "excluded_lines": [], "start_line": 22}, "DependencyAnalyzer.analyze": {"executed_lines": [36, 38, 39, 42, 43, 44, 45, 46, 47, 48, 50, 51, 53], "summary": {"covered_lines": 13, "num_statements": 13, "percent_covered": 100.0, "percent_covered_display": "100", "missing_lines": 0, "excluded_lines": 0, "percent_statements_covered": 100.0, "percent_statements_covered_display": "100"}, "missing_lines": [], "excluded_lines": [], "start_line": 25}, "DependencyAnalyzer._check_unused_imports": {"executed_lines": [59, 62, 64, 65, 66, 67, 68, 70, 71, 72, 73, 74, 77, 79, 81, 82, 84, 87, 88, 90, 91, 92, 93, 95, 96, 106, 108], "summary": {"covered_lines": 27, "num_statements": 27, "percent_covered": 100.0, "percent_covered_display": "100", "missing_lines": 0, "excluded_lines": 0, "percent_statements_covered": 100.0, "percent_statements_covered_display": "100"}, "missing_lines": [], "excluded_lines": [], "start_line": 55}, "DependencyAnalyzer._check_wildcard_imports": {"executed_lines": [112, 114, 115, 116, 117, 118, 119, 130, 132], "summary": {"covered_lines": 9, "num_statements": 9, "percent_covered": 100.0, "percent_covered_display": "100", "missing_lines": 0, "excluded_lines": 0, "percent_statements_covered": 100.0, "percent_statements_covered_display": "100"}, "missing_lines": [], "excluded_lines": [], "start_line": 110}, "DependencyAnalyzer._check_circular_imports": {"executed_lines": [136, 139, 140, 141, 142, 143, 147, 163, 164, 166], "summary": {"covered_lines": 10, "num_statements": 10, "percent_covered": 100.0, "percent_covered_display": "100", "missing_lines": 0, "excluded_lines": 0, "percent_statements_covered": 100.0, "percent_statements_covered_display": "100"}, "missing_lines": [], "excluded_lines": [], "start_line": 134}, "DependencyAnalyzer._check_import_order": {"executed_lines": [170, 172, 174, 175, 176, 177, 178, 180, 181, 182, 183, 184, 187, 188, 189, 191, 192, 194, 195, 210, 211, 213, 215], "summary": {"covered_lines": 23, "num_statements": 23, "percent_covered": 100.0, "percent_covered_display": "100", "missing_lines": 0, "excluded_lines": 0, "percent_statements_covered": 100.0, "percent_statements_covered_display": "100"}, "missing_lines": [], "excluded_lines": [], "start_line": 168}, "DependencyAnalyzer._check_relative_imports": {"executed_lines": [219, 221, 222, 223, 224, 235, 237], "summary": {"covered_lines": 7, "num_statements": 7, "percent_covered": 100.0, "percent_covered_display": "100", "missing_lines": 0, "excluded_lines": 0, "percent_statements_covered": 100.0, "percent_statements_covered_display": "100"}, "missing_lines": [], "excluded_lines": [], "start_line": 217}, "DependencyAnalyzer._check_duplicate_imports": {"executed_lines": [241, 243, 245, 246, 247, 248, 249, 250, 263, 265, 267], "summary": {"covered_lines": 11, "num_statements": 11, "percent_covered": 100.0, "percent_covered_display": "100", "missing_lines": 0, "excluded_lines": 0, "percent_statements_covered": 100.0, "percent_statements_covered_display": "100"}, "missing_lines": [], "excluded_lines": [], "start_line": 239}, "DependencyAnalyzer._check_deprecated_modules": {"executed_lines": [271, 273, 281, 282, 283, 284, 285, 295, 297, 298, 311], "summary": {"covered_lines": 11, "num_statements": 13, "percent_covered": 84.61538461538461, "percent_covered_display": "85", "missing_lines": 2, "excluded_lines": 0, "percent_statements_covered": 84.61538461538461, "percent_statements_covered_display": "85"}, "missing_lines": [299, 309], "excluded_lines": [], "start_line": 269}, "DependencyAnalyzer._classify_import": {"executed_lines": [315, 316, 317, 321], "summary": {"covered_lines": 4, "num_statements": 5, "percent_covered": 80.0, "percent_covered_display": "80", "missing_lines": 1, "excluded_lines": 0, "percent_statements_covered": 80.0, "percent_statements_covered_display": "80"}, "missing_lines": [318], "excluded_lines": [], "start_line": 313}, "DependencyAnalyzer._get_stdlib_modules": {"executed_lines": [326], "summary": {"covered_lines": 1, "num_statements": 1, "percent_covered": 100.0, "percent_covered_display": "100", "missing_lines": 0, "excluded_lines": 0, "percent_statements_covered": 100.0, "percent_statements_covered_display": "100"}, "missing_lines": [], "excluded_lines": [], "start_line": 323}, "DependencyAnalyzer._get_root_name": {"executed_lines": [537, 538, 539, 540], "summary": {"covered_lines": 4, "num_statements": 5, "percent_covered": 80.0, "percent_covered_display": "80", "missing_lines": 1, "excluded_lines": 0, "percent_statements_covered": 80.0, "percent_statements_covered_display": "80"}, "missing_lines": [541], "excluded_lines": [], "start_line": 535}, "": {"executed_lines": [3, 4, 5, 7, 8, 14, 17, 21, 22, 25, 55, 110, 134, 168, 217, 239, 269, 313, 323, 535], "summary": {"covered_lines": 20, "num_statements": 20, "percent_covered": 100.0, "percent_covered_display": "100", "missing_lines": 0, "excluded_lines": 2, "percent_statements_covered": 100.0, "percent_statements_covered_display": "100"}, "missing_lines": [], "excluded_lines": [10, 11], "start_line": 1}}, "classes": {"DependencyAnalyzer": {"executed_lines": [18, 19, 23, 36, 38, 39, 42, 43, 44, 45, 46, 47, 48, 50, 51, 53, 59, 62, 64, 65, 66, 67, 68, 70, 71, 72, 73, 74, 77, 79, 81, 82, 84, 87, 88, 90, 91, 92, 93, 95, 96, 106, 108, 112, 114, 115, 116, 117, 118, 119, 130, 132, 136, 139, 140, 141, 142, 143, 147, 163, 164, 166, 170, 172, 174, 175, 176, 177, 178, 180, 181, 182, 183, 184, 187, 188, 189, 191, 192, 194, 195, 210, 211, 213, 215, 219, 221, 222, 223, 224, 235, 237, 241, 243, 245, 246, 247, 248, 249, 250, 263, 265, 267, 271, 273, 281, 282, 283, 284, 285, 295, 297, 298, 311, 315, 316, 317, 321, 326, 537, 538, 539, 540], "summary": {"covered_lines": 123, "num_statements": 127, "percent_covered": 96.85039370078741, "percent_covered_display": "97", "missing_lines": 4, "excluded_lines": 0, "percent_statements_covered": 96.85039370078741, "percent_statements_covered_display": "97"}, "missing_lines": [299, 309, 318, 541], "excluded_lines": [], "start_line": 14}, "": {"executed_lines": [3, 4, 5, 7, 8, 14, 17, 21, 22, 25, 55, 110, 134, 168, 217, 239, 269, 313, 323, 535], "summary": {"covered_lines": 20, "num_statements": 20, "percent_covered": 100.0, "percent_covered_display": "100", "missing_lines": 0, "excluded_lines": 2, "percent_statements_covered": 100.0, "percent_statements_covered_display": "100"}, "missing_lines": [], "excluded_lines": [10, 11], "start_line": 1}}}, "refactron\\analyzers\\performance_analyzer.py": {"executed_lines": [3, 4, 5, 7, 8, 11, 14, 15, 16, 18, 29, 31, 32, 35, 36, 37, 38, 39, 41, 42, 44, 46, 48, 50, 51, 53, 54, 55, 58, 72, 73, 90, 91, 93, 95, 99, 101, 103, 104, 107, 108, 109, 110, 111, 112, 125, 128, 130, 131, 132, 133, 135, 136, 137, 138, 140, 142, 158, 160, 162, 164, 165, 167, 169, 170, 171, 172, 173, 174, 175, 178, 179, 180, 196, 198, 200, 204, 206, 207, 209, 210, 211, 213, 214, 232, 233, 235, 237, 239, 241, 242, 243, 246, 247, 250, 251, 263, 265, 267, 269, 270, 271, 272], "summary": {"covered_lines": 103, "num_statements": 107, "percent_covered": 96.26168224299066, "percent_covered_display": "96", "missing_lines": 4, "excluded_lines": 0, "percent_statements_covered": 96.26168224299066, "percent_statements_covered_display": "96"}, "missing_lines": [134, 143, 156, 273], "excluded_lines": [], "functions": {"PerformanceAnalyzer.name": {"executed_lines": [16], "summary": {"covered_lines": 1, "num_statements": 1, "percent_covered": 100.0, "percent_covered_display": "100", "missing_lines": 0, "excluded_lines": 0, "percent_statements_covered": 100.0, "percent_statements_covered_display": "100"}, "missing_lines": [], "excluded_lines": [], "start_line": 15}, "PerformanceAnalyzer.analyze": {"executed_lines": [29, 31, 32, 35, 36, 37, 38, 39, 41, 42, 44], "summary": {"covered_lines": 11, "num_statements": 11, "percent_covered": 100.0, "percent_covered_display": "100", "missing_lines": 0, "excluded_lines": 0, "percent_statements_covered": 100.0, "percent_statements_covered_display": "100"}, "missing_lines": [], "excluded_lines": [], "start_line": 18}, "PerformanceAnalyzer._check_n_plus_one_queries": {"executed_lines": [48, 50, 51, 53, 54, 55, 58, 72, 73, 90, 91, 93], "summary": {"covered_lines": 12, "num_statements": 12, "percent_covered": 100.0, "percent_covered_display": "100", "missing_lines": 0, "excluded_lines": 0, "percent_statements_covered": 100.0, "percent_statements_covered_display": "100"}, "missing_lines": [], "excluded_lines": [], "start_line": 46}, "PerformanceAnalyzer._check_inefficient_list_comprehensions": {"executed_lines": [99, 101, 103, 104, 107, 108, 109, 110, 111, 112, 125, 128, 130, 131, 132, 133, 135, 136, 137, 138, 140, 142, 158], "summary": {"covered_lines": 23, "num_statements": 26, "percent_covered": 88.46153846153847, "percent_covered_display": "88", "missing_lines": 3, "excluded_lines": 0, "percent_statements_covered": 88.46153846153847, "percent_statements_covered_display": "88"}, "missing_lines": [134, 143, 156], "excluded_lines": [], "start_line": 95}, "PerformanceAnalyzer._check_unnecessary_iterations": {"executed_lines": [162, 164, 165, 167, 169, 170, 171, 172, 173, 174, 175, 178, 179, 180, 196, 198], "summary": {"covered_lines": 16, "num_statements": 16, "percent_covered": 100.0, "percent_covered_display": "100", "missing_lines": 0, "excluded_lines": 0, "percent_statements_covered": 100.0, "percent_statements_covered_display": "100"}, "missing_lines": [], "excluded_lines": [], "start_line": 160}, "PerformanceAnalyzer._check_inefficient_string_concatenation": {"executed_lines": [204, 206, 207, 209, 210, 211, 213, 214, 232, 233, 235], "summary": {"covered_lines": 11, "num_statements": 11, "percent_covered": 100.0, "percent_covered_display": "100", "missing_lines": 0, "excluded_lines": 0, "percent_statements_covered": 100.0, "percent_statements_covered_display": "100"}, "missing_lines": [], "excluded_lines": [], "start_line": 200}, "PerformanceAnalyzer._check_redundant_list_calls": {"executed_lines": [239, 241, 242, 243, 246, 247, 250, 251, 263, 265], "summary": {"covered_lines": 10, "num_statements": 10, "percent_covered": 100.0, "percent_covered_display": "100", "missing_lines": 0, "excluded_lines": 0, "percent_statements_covered": 100.0, "percent_statements_covered_display": "100"}, "missing_lines": [], "excluded_lines": [], "start_line": 237}, "PerformanceAnalyzer._get_function_name": {"executed_lines": [269, 270, 271, 272], "summary": {"covered_lines": 4, "num_statements": 5, "percent_covered": 80.0, "percent_covered_display": "80", "missing_lines": 1, "excluded_lines": 0, "percent_statements_covered": 80.0, "percent_statements_covered_display": "80"}, "missing_lines": [273], "excluded_lines": [], "start_line": 267}, "": {"executed_lines": [3, 4, 5, 7, 8, 11, 14, 15, 18, 46, 95, 160, 200, 237, 267], "summary": {"covered_lines": 15, "num_statements": 15, "percent_covered": 100.0, "percent_covered_display": "100", "missing_lines": 0, "excluded_lines": 0, "percent_statements_covered": 100.0, "percent_statements_covered_display": "100"}, "missing_lines": [], "excluded_lines": [], "start_line": 1}}, "classes": {"PerformanceAnalyzer": {"executed_lines": [16, 29, 31, 32, 35, 36, 37, 38, 39, 41, 42, 44, 48, 50, 51, 53, 54, 55, 58, 72, 73, 90, 91, 93, 99, 101, 103, 104, 107, 108, 109, 110, 111, 112, 125, 128, 130, 131, 132, 133, 135, 136, 137, 138, 140, 142, 158, 162, 164, 165, 167, 169, 170, 171, 172, 173, 174, 175, 178, 179, 180, 196, 198, 204, 206, 207, 209, 210, 211, 213, 214, 232, 233, 235, 239, 241, 242, 243, 246, 247, 250, 251, 263, 265, 269, 270, 271, 272], "summary": {"covered_lines": 88, "num_statements": 92, "percent_covered": 95.65217391304348, "percent_covered_display": "96", "missing_lines": 4, "excluded_lines": 0, "percent_statements_covered": 95.65217391304348, "percent_statements_covered_display": "96"}, "missing_lines": [134, 143, 156, 273], "excluded_lines": [], "start_line": 11}, "": {"executed_lines": [3, 4, 5, 7, 8, 11, 14, 15, 18, 46, 95, 160, 200, 237, 267], "summary": {"covered_lines": 15, "num_statements": 15, "percent_covered": 100.0, "percent_covered_display": "100", "missing_lines": 0, "excluded_lines": 0, "percent_statements_covered": 100.0, "percent_statements_covered_display": "100"}, "missing_lines": [], "excluded_lines": [], "start_line": 1}}}, "refactron\\analyzers\\security_analyzer.py": {"executed_lines": [3, 4, 5, 6, 8, 9, 12, 16, 17, 18, 21, 32, 39, 45, 57, 58, 59, 61, 63, 64, 65, 66, 67, 69, 71, 72, 73, 74, 75, 76, 78, 89, 92, 93, 96, 98, 99, 102, 103, 105, 106, 108, 110, 122, 123, 125, 127, 128, 131, 134, 135, 136, 137, 138, 139, 140, 141, 142, 143, 144, 145, 147, 149, 163, 164, 165, 166, 168, 169, 171, 173, 175, 177, 178, 179, 180, 181, 183, 184, 185, 186, 187, 188, 190, 192, 194, 195, 196, 198, 200, 202, 213, 215, 217, 219, 221, 222, 223, 225, 226, 227, 228, 230, 231, 233, 235, 246, 248, 250, 252, 254, 268, 284, 285, 286, 287, 288, 291, 292, 295, 297, 300, 302, 304, 305, 306, 310, 312, 328, 330, 332, 334, 336, 337, 338, 341, 342, 343, 346, 347, 360, 362, 365, 378, 380, 382, 384, 387, 389, 397, 398, 399, 402, 420, 421, 422, 423, 424, 425, 426, 428, 429, 439, 441, 443, 445, 447, 448, 449, 450, 451, 452, 463, 465, 467, 469, 471, 472, 473, 475, 476, 488, 490, 492, 494, 496, 497, 500, 511, 513, 515, 517, 518, 519, 520, 523, 525, 527, 528, 529, 530, 531, 533, 534, 535, 537, 539, 542, 544, 545, 546, 547, 549, 551, 554, 555, 556, 557, 560, 561, 564, 565, 566, 569, 571, 572, 575, 595, 615, 616, 632, 634, 636, 638, 640, 641, 642, 645, 646, 648, 649, 652, 665, 666, 683, 685, 687, 689, 691, 692, 694, 695, 696, 698, 699, 712, 714, 716, 718, 720, 721, 723, 724, 725, 728, 729, 741, 744, 745, 749, 750, 751, 752, 764, 766], "summary": {"covered_lines": 275, "num_statements": 285, "percent_covered": 96.49122807017544, "percent_covered_display": "96", "missing_lines": 10, "excluded_lines": 0, "percent_statements_covered": 96.49122807017544, "percent_statements_covered_display": "96"}, "missing_lines": [182, 406, 416, 417, 521, 576, 592, 596, 597, 612], "excluded_lines": [], "functions": {"SecurityAnalyzer.name": {"executed_lines": [59], "summary": {"covered_lines": 1, "num_statements": 1, "percent_covered": 100.0, "percent_covered_display": "100", "missing_lines": 0, "excluded_lines": 0, "percent_statements_covered": 100.0, "percent_statements_covered_display": "100"}, "missing_lines": [], "excluded_lines": [], "start_line": 58}, "SecurityAnalyzer._is_ignored_file": {"executed_lines": [63, 64, 65, 66, 67], "summary": {"covered_lines": 5, "num_statements": 5, "percent_covered": 100.0, "percent_covered_display": "100", "missing_lines": 0, "excluded_lines": 0, "percent_statements_covered": 100.0, "percent_statements_covered_display": "100"}, "missing_lines": [], "excluded_lines": [], "start_line": 61}, "SecurityAnalyzer._is_rule_whitelisted": {"executed_lines": [71, 72, 73, 74, 75, 76], "summary": {"covered_lines": 6, "num_statements": 6, "percent_covered": 100.0, "percent_covered_display": "100", "missing_lines": 0, "excluded_lines": 0, "percent_statements_covered": 100.0, "percent_statements_covered_display": "100"}, "missing_lines": [], "excluded_lines": [], "start_line": 69}, "SecurityAnalyzer._get_context_confidence": {"executed_lines": [89, 92, 93, 96, 98, 99, 102, 103, 105, 106, 108], "summary": {"covered_lines": 11, "num_statements": 11, "percent_covered": 100.0, "percent_covered_display": "100", "missing_lines": 0, "excluded_lines": 0, "percent_statements_covered": 100.0, "percent_statements_covered_display": "100"}, "missing_lines": [], "excluded_lines": [], "start_line": 78}, "SecurityAnalyzer.analyze": {"executed_lines": [122, 123, 125, 127, 128, 131, 134, 135, 136, 137, 138, 139, 140, 141, 142, 143, 144, 145, 147, 149, 163, 164, 165, 166, 168, 169, 171, 173], "summary": {"covered_lines": 28, "num_statements": 28, "percent_covered": 100.0, "percent_covered_display": "100", "missing_lines": 0, "excluded_lines": 0, "percent_statements_covered": 100.0, "percent_statements_covered_display": "100"}, "missing_lines": [], "excluded_lines": [], "start_line": 110}, "SecurityAnalyzer._build_alias_map": {"executed_lines": [177, 178, 179, 180, 181, 183, 184, 185, 186, 187, 188], "summary": {"covered_lines": 11, "num_statements": 12, "percent_covered": 91.66666666666667, "percent_covered_display": "92", "missing_lines": 1, "excluded_lines": 0, "percent_statements_covered": 91.66666666666667, "percent_statements_covered_display": "92"}, "missing_lines": [182], "excluded_lines": [], "start_line": 175}, "SecurityAnalyzer._check_dangerous_functions": {"executed_lines": [192, 194, 195, 196, 198, 200, 202, 213, 215], "summary": {"covered_lines": 9, "num_statements": 9, "percent_covered": 100.0, "percent_covered_display": "100", "missing_lines": 0, "excluded_lines": 0, "percent_statements_covered": 100.0, "percent_statements_covered_display": "100"}, "missing_lines": [], "excluded_lines": [], "start_line": 190}, "SecurityAnalyzer._check_dangerous_imports": {"executed_lines": [219, 221, 222, 223, 225, 226, 227, 228, 230, 231, 233, 235, 246, 248], "summary": {"covered_lines": 14, "num_statements": 14, "percent_covered": 100.0, "percent_covered_display": "100", "missing_lines": 0, "excluded_lines": 0, "percent_statements_covered": 100.0, "percent_statements_covered_display": "100"}, "missing_lines": [], "excluded_lines": [], "start_line": 217}, "SecurityAnalyzer._check_hardcoded_secrets": {"executed_lines": [252, 254, 268, 284, 285, 286, 287, 288, 291, 292, 295, 297, 300, 302, 304, 305, 306, 310, 312, 328, 330], "summary": {"covered_lines": 21, "num_statements": 21, "percent_covered": 100.0, "percent_covered_display": "100", "missing_lines": 0, "excluded_lines": 0, "percent_statements_covered": 100.0, "percent_statements_covered_display": "100"}, "missing_lines": [], "excluded_lines": [], "start_line": 250}, "SecurityAnalyzer._check_sql_injection": {"executed_lines": [334, 336, 337, 338, 341, 342, 343, 346, 347, 360, 362, 365, 378, 380], "summary": {"covered_lines": 14, "num_statements": 14, "percent_covered": 100.0, "percent_covered_display": "100", "missing_lines": 0, "excluded_lines": 0, "percent_statements_covered": 100.0, "percent_statements_covered_display": "100"}, "missing_lines": [], "excluded_lines": [], "start_line": 332}, "SecurityAnalyzer._check_command_injection": {"executed_lines": [384, 387, 389, 397, 398, 399, 402, 420, 421, 422, 423, 424, 425, 426, 428, 429, 439, 441], "summary": {"covered_lines": 18, "num_statements": 21, "percent_covered": 85.71428571428571, "percent_covered_display": "86", "missing_lines": 3, "excluded_lines": 0, "percent_statements_covered": 85.71428571428571, "percent_statements_covered_display": "86"}, "missing_lines": [406, 416, 417], "excluded_lines": [], "start_line": 382}, "SecurityAnalyzer._check_weak_crypto": {"executed_lines": [445, 447, 448, 449, 450, 451, 452, 463, 465], "summary": {"covered_lines": 9, "num_statements": 9, "percent_covered": 100.0, "percent_covered_display": "100", "missing_lines": 0, "excluded_lines": 0, "percent_statements_covered": 100.0, "percent_statements_covered_display": "100"}, "missing_lines": [], "excluded_lines": [], "start_line": 443}, "SecurityAnalyzer._check_unsafe_yaml": {"executed_lines": [469, 471, 472, 473, 475, 476, 488, 490], "summary": {"covered_lines": 8, "num_statements": 8, "percent_covered": 100.0, "percent_covered_display": "100", "missing_lines": 0, "excluded_lines": 0, "percent_statements_covered": 100.0, "percent_statements_covered_display": "100"}, "missing_lines": [], "excluded_lines": [], "start_line": 467}, "SecurityAnalyzer._check_assert_statements": {"executed_lines": [494, 496, 497, 500, 511, 513], "summary": {"covered_lines": 6, "num_statements": 6, "percent_covered": 100.0, "percent_covered_display": "100", "missing_lines": 0, "excluded_lines": 0, "percent_statements_covered": 100.0, "percent_statements_covered_display": "100"}, "missing_lines": [], "excluded_lines": [], "start_line": 492}, "SecurityAnalyzer._get_function_name": {"executed_lines": [517, 518, 519, 520], "summary": {"covered_lines": 4, "num_statements": 5, "percent_covered": 80.0, "percent_covered_display": "80", "missing_lines": 1, "excluded_lines": 0, "percent_statements_covered": 80.0, "percent_statements_covered_display": "80"}, "missing_lines": [521], "excluded_lines": [], "start_line": 515}, "SecurityAnalyzer._get_full_function_name": {"executed_lines": [525, 527, 528, 529, 530, 531, 533, 534, 535], "summary": {"covered_lines": 9, "num_statements": 9, "percent_covered": 100.0, "percent_covered_display": "100", "missing_lines": 0, "excluded_lines": 0, "percent_statements_covered": 100.0, "percent_statements_covered_display": "100"}, "missing_lines": [], "excluded_lines": [], "start_line": 523}, "SecurityAnalyzer._check_sql_parameterization": {"executed_lines": [539, 542, 544, 545, 546, 547, 549, 551, 554, 555, 556, 557, 560, 561, 564, 565, 566, 569, 571, 572, 575, 595, 615, 616, 632, 634], "summary": {"covered_lines": 26, "num_statements": 31, "percent_covered": 83.87096774193549, "percent_covered_display": "84", "missing_lines": 5, "excluded_lines": 0, "percent_statements_covered": 83.87096774193549, "percent_statements_covered_display": "84"}, "missing_lines": [576, 592, 596, 597, 612], "excluded_lines": [], "start_line": 537}, "SecurityAnalyzer._check_ssrf_vulnerabilities": {"executed_lines": [638, 640, 641, 642, 645, 646, 648, 649, 652, 665, 666, 683, 685], "summary": {"covered_lines": 13, "num_statements": 13, "percent_covered": 100.0, "percent_covered_display": "100", "missing_lines": 0, "excluded_lines": 0, "percent_statements_covered": 100.0, "percent_statements_covered_display": "100"}, "missing_lines": [], "excluded_lines": [], "start_line": 636}, "SecurityAnalyzer._check_insecure_random": {"executed_lines": [689, 691, 692, 694, 695, 696, 698, 699, 712, 714], "summary": {"covered_lines": 10, "num_statements": 10, "percent_covered": 100.0, "percent_covered_display": "100", "missing_lines": 0, "excluded_lines": 0, "percent_statements_covered": 100.0, "percent_statements_covered_display": "100"}, "missing_lines": [], "excluded_lines": [], "start_line": 687}, "SecurityAnalyzer._check_weak_ssl_tls": {"executed_lines": [718, 720, 721, 723, 724, 725, 728, 729, 741, 744, 745, 749, 750, 751, 752, 764, 766], "summary": {"covered_lines": 17, "num_statements": 17, "percent_covered": 100.0, "percent_covered_display": "100", "missing_lines": 0, "excluded_lines": 0, "percent_statements_covered": 100.0, "percent_statements_covered_display": "100"}, "missing_lines": [], "excluded_lines": [], "start_line": 716}, "": {"executed_lines": [3, 4, 5, 6, 8, 9, 12, 16, 17, 18, 21, 32, 39, 45, 57, 58, 61, 69, 78, 110, 175, 190, 217, 250, 332, 382, 443, 467, 492, 515, 523, 537, 636, 687, 716], "summary": {"covered_lines": 35, "num_statements": 35, "percent_covered": 100.0, "percent_covered_display": "100", "missing_lines": 0, "excluded_lines": 0, "percent_statements_covered": 100.0, "percent_statements_covered_display": "100"}, "missing_lines": [], "excluded_lines": [], "start_line": 1}}, "classes": {"SecurityAnalyzer": {"executed_lines": [59, 63, 64, 65, 66, 67, 71, 72, 73, 74, 75, 76, 89, 92, 93, 96, 98, 99, 102, 103, 105, 106, 108, 122, 123, 125, 127, 128, 131, 134, 135, 136, 137, 138, 139, 140, 141, 142, 143, 144, 145, 147, 149, 163, 164, 165, 166, 168, 169, 171, 173, 177, 178, 179, 180, 181, 183, 184, 185, 186, 187, 188, 192, 194, 195, 196, 198, 200, 202, 213, 215, 219, 221, 222, 223, 225, 226, 227, 228, 230, 231, 233, 235, 246, 248, 252, 254, 268, 284, 285, 286, 287, 288, 291, 292, 295, 297, 300, 302, 304, 305, 306, 310, 312, 328, 330, 334, 336, 337, 338, 341, 342, 343, 346, 347, 360, 362, 365, 378, 380, 384, 387, 389, 397, 398, 399, 402, 420, 421, 422, 423, 424, 425, 426, 428, 429, 439, 441, 445, 447, 448, 449, 450, 451, 452, 463, 465, 469, 471, 472, 473, 475, 476, 488, 490, 494, 496, 497, 500, 511, 513, 517, 518, 519, 520, 525, 527, 528, 529, 530, 531, 533, 534, 535, 539, 542, 544, 545, 546, 547, 549, 551, 554, 555, 556, 557, 560, 561, 564, 565, 566, 569, 571, 572, 575, 595, 615, 616, 632, 634, 638, 640, 641, 642, 645, 646, 648, 649, 652, 665, 666, 683, 685, 689, 691, 692, 694, 695, 696, 698, 699, 712, 714, 718, 720, 721, 723, 724, 725, 728, 729, 741, 744, 745, 749, 750, 751, 752, 764, 766], "summary": {"covered_lines": 240, "num_statements": 250, "percent_covered": 96.0, "percent_covered_display": "96", "missing_lines": 10, "excluded_lines": 0, "percent_statements_covered": 96.0, "percent_statements_covered_display": "96"}, "missing_lines": [182, 406, 416, 417, 521, 576, 592, 596, 597, 612], "excluded_lines": [], "start_line": 12}, "": {"executed_lines": [3, 4, 5, 6, 8, 9, 12, 16, 17, 18, 21, 32, 39, 45, 57, 58, 61, 69, 78, 110, 175, 190, 217, 250, 332, 382, 443, 467, 492, 515, 523, 537, 636, 687, 716], "summary": {"covered_lines": 35, "num_statements": 35, "percent_covered": 100.0, "percent_covered_display": "100", "missing_lines": 0, "excluded_lines": 0, "percent_statements_covered": 100.0, "percent_statements_covered_display": "100"}, "missing_lines": [], "excluded_lines": [], "start_line": 1}}}, "refactron\\analyzers\\type_hint_analyzer.py": {"executed_lines": [3, 4, 5, 7, 8, 11, 14, 15, 16, 18, 29, 31, 32, 35, 36, 37, 38, 39, 41, 42, 44, 46, 48, 50, 51, 53, 54, 57, 62, 64, 65, 66, 67, 68, 70, 71, 83, 85, 87, 89, 91, 92, 94, 95, 98, 100, 101, 103, 104, 117, 119, 121, 123, 125, 126, 128, 129, 132, 134, 135, 137, 138, 153, 155, 157, 159, 162, 163, 164, 165, 166, 167, 168, 169, 171, 172, 175, 176, 178, 179, 192, 195, 196, 197, 209, 211, 213, 215, 217, 224, 225, 227, 228, 229, 230, 240, 243, 244, 245, 248, 268, 270, 272, 273, 275, 276, 279, 281, 283, 285, 286, 287, 289, 293], "summary": {"covered_lines": 114, "num_statements": 119, "percent_covered": 95.7983193277311, "percent_covered_display": "96", "missing_lines": 5, "excluded_lines": 0, "percent_statements_covered": 95.7983193277311, "percent_statements_covered_display": "96"}, "missing_lines": [131, 249, 266, 277, 291], "excluded_lines": [], "functions": {"TypeHintAnalyzer.name": {"executed_lines": [16], "summary": {"covered_lines": 1, "num_statements": 1, "percent_covered": 100.0, "percent_covered_display": "100", "missing_lines": 0, "excluded_lines": 0, "percent_statements_covered": 100.0, "percent_statements_covered_display": "100"}, "missing_lines": [], "excluded_lines": [], "start_line": 15}, "TypeHintAnalyzer.analyze": {"executed_lines": [29, 31, 32, 35, 36, 37, 38, 39, 41, 42, 44], "summary": {"covered_lines": 11, "num_statements": 11, "percent_covered": 100.0, "percent_covered_display": "100", "missing_lines": 0, "excluded_lines": 0, "percent_statements_covered": 100.0, "percent_statements_covered_display": "100"}, "missing_lines": [], "excluded_lines": [], "start_line": 18}, "TypeHintAnalyzer._check_missing_return_type": {"executed_lines": [48, 50, 51, 53, 54, 57, 62, 64, 65, 66, 67, 68, 70, 71, 83, 85], "summary": {"covered_lines": 16, "num_statements": 16, "percent_covered": 100.0, "percent_covered_display": "100", "missing_lines": 0, "excluded_lines": 0, "percent_statements_covered": 100.0, "percent_statements_covered_display": "100"}, "missing_lines": [], "excluded_lines": [], "start_line": 46}, "TypeHintAnalyzer._check_missing_parameter_types": {"executed_lines": [89, 91, 92, 94, 95, 98, 100, 101, 103, 104, 117, 119], "summary": {"covered_lines": 12, "num_statements": 12, "percent_covered": 100.0, "percent_covered_display": "100", "missing_lines": 0, "excluded_lines": 0, "percent_statements_covered": 100.0, "percent_statements_covered_display": "100"}, "missing_lines": [], "excluded_lines": [], "start_line": 87}, "TypeHintAnalyzer._check_missing_attribute_types": {"executed_lines": [123, 125, 126, 128, 129, 132, 134, 135, 137, 138, 153, 155], "summary": {"covered_lines": 12, "num_statements": 13, "percent_covered": 92.3076923076923, "percent_covered_display": "92", "missing_lines": 1, "excluded_lines": 0, "percent_statements_covered": 92.3076923076923, "percent_statements_covered_display": "92"}, "missing_lines": [131], "excluded_lines": [], "start_line": 121}, "TypeHintAnalyzer._check_any_usage": {"executed_lines": [159, 162, 163, 164, 165, 166, 167, 168, 169, 171, 172, 175, 176, 178, 179, 192, 195, 196, 197, 209, 211], "summary": {"covered_lines": 21, "num_statements": 21, "percent_covered": 100.0, "percent_covered_display": "100", "missing_lines": 0, "excluded_lines": 0, "percent_statements_covered": 100.0, "percent_statements_covered_display": "100"}, "missing_lines": [], "excluded_lines": [], "start_line": 157}, "TypeHintAnalyzer._check_incomplete_types": {"executed_lines": [215, 217, 224, 225, 227, 228, 229, 230, 240, 243, 244, 245, 248, 268], "summary": {"covered_lines": 14, "num_statements": 16, "percent_covered": 87.5, "percent_covered_display": "88", "missing_lines": 2, "excluded_lines": 0, "percent_statements_covered": 87.5, "percent_statements_covered_display": "88"}, "missing_lines": [249, 266], "excluded_lines": [], "start_line": 213}, "TypeHintAnalyzer._contains_any": {"executed_lines": [272, 273, 275, 276, 279], "summary": {"covered_lines": 5, "num_statements": 6, "percent_covered": 83.33333333333333, "percent_covered_display": "83", "missing_lines": 1, "excluded_lines": 0, "percent_statements_covered": 83.33333333333333, "percent_statements_covered_display": "83"}, "missing_lines": [277], "excluded_lines": [], "start_line": 270}, "TypeHintAnalyzer._find_incomplete_generics": {"executed_lines": [283, 285, 286, 287, 289, 293], "summary": {"covered_lines": 6, "num_statements": 7, "percent_covered": 85.71428571428571, "percent_covered_display": "86", "missing_lines": 1, "excluded_lines": 0, "percent_statements_covered": 85.71428571428571, "percent_statements_covered_display": "86"}, "missing_lines": [291], "excluded_lines": [], "start_line": 281}, "": {"executed_lines": [3, 4, 5, 7, 8, 11, 14, 15, 18, 46, 87, 121, 157, 213, 270, 281], "summary": {"covered_lines": 16, "num_statements": 16, "percent_covered": 100.0, "percent_covered_display": "100", "missing_lines": 0, "excluded_lines": 0, "percent_statements_covered": 100.0, "percent_statements_covered_display": "100"}, "missing_lines": [], "excluded_lines": [], "start_line": 1}}, "classes": {"TypeHintAnalyzer": {"executed_lines": [16, 29, 31, 32, 35, 36, 37, 38, 39, 41, 42, 44, 48, 50, 51, 53, 54, 57, 62, 64, 65, 66, 67, 68, 70, 71, 83, 85, 89, 91, 92, 94, 95, 98, 100, 101, 103, 104, 117, 119, 123, 125, 126, 128, 129, 132, 134, 135, 137, 138, 153, 155, 159, 162, 163, 164, 165, 166, 167, 168, 169, 171, 172, 175, 176, 178, 179, 192, 195, 196, 197, 209, 211, 215, 217, 224, 225, 227, 228, 229, 230, 240, 243, 244, 245, 248, 268, 272, 273, 275, 276, 279, 283, 285, 286, 287, 289, 293], "summary": {"covered_lines": 98, "num_statements": 103, "percent_covered": 95.14563106796116, "percent_covered_display": "95", "missing_lines": 5, "excluded_lines": 0, "percent_statements_covered": 95.14563106796116, "percent_statements_covered_display": "95"}, "missing_lines": [131, 249, 266, 277, 291], "excluded_lines": [], "start_line": 11}, "": {"executed_lines": [3, 4, 5, 7, 8, 11, 14, 15, 18, 46, 87, 121, 157, 213, 270, 281], "summary": {"covered_lines": 16, "num_statements": 16, "percent_covered": 100.0, "percent_covered_display": "100", "missing_lines": 0, "excluded_lines": 0, "percent_statements_covered": 100.0, "percent_statements_covered_display": "100"}, "missing_lines": [], "excluded_lines": [], "start_line": 1}}}, "refactron\\autofix\\__init__.py": {"executed_lines": [8, 9, 17], "summary": {"covered_lines": 3, "num_statements": 3, "percent_covered": 100.0, "percent_covered_display": "100", "missing_lines": 0, "excluded_lines": 0, "percent_statements_covered": 100.0, "percent_statements_covered_display": "100"}, "missing_lines": [], "excluded_lines": [], "functions": {"": {"executed_lines": [8, 9, 17], "summary": {"covered_lines": 3, "num_statements": 3, "percent_covered": 100.0, "percent_covered_display": "100", "missing_lines": 0, "excluded_lines": 0, "percent_statements_covered": 100.0, "percent_statements_covered_display": "100"}, "missing_lines": [], "excluded_lines": [], "start_line": 1}}, "classes": {"": {"executed_lines": [8, 9, 17], "summary": {"covered_lines": 3, "num_statements": 3, "percent_covered": 100.0, "percent_covered_display": "100", "missing_lines": 0, "excluded_lines": 0, "percent_statements_covered": 100.0, "percent_statements_covered_display": "100"}, "missing_lines": [], "excluded_lines": [], "start_line": 1}}}, "refactron\\autofix\\engine.py": {"executed_lines": [8, 10, 11, 14, 22, 29, 30, 32, 34, 51, 52, 68, 69, 71, 73, 83, 85, 97, 98, 102, 105, 106, 115, 116, 119, 131, 133, 134, 135, 139, 142, 145, 153, 154, 156, 169], "summary": {"covered_lines": 36, "num_statements": 38, "percent_covered": 94.73684210526316, "percent_covered_display": "95", "missing_lines": 2, "excluded_lines": 2, "percent_statements_covered": 94.73684210526316, "percent_statements_covered_display": "95"}, "missing_lines": [117, 137], "excluded_lines": [167, 180], "functions": {"AutoFixEngine.__init__": {"executed_lines": [29, 30], "summary": {"covered_lines": 2, "num_statements": 2, "percent_covered": 100.0, "percent_covered_display": "100", "missing_lines": 0, "excluded_lines": 0, "percent_statements_covered": 100.0, "percent_statements_covered_display": "100"}, "missing_lines": [], "excluded_lines": [], "start_line": 22}, "AutoFixEngine._register_fixers": {"executed_lines": [34, 51, 52, 68, 69, 71], "summary": {"covered_lines": 6, "num_statements": 6, "percent_covered": 100.0, "percent_covered_display": "100", "missing_lines": 0, "excluded_lines": 0, "percent_statements_covered": 100.0, "percent_statements_covered_display": "100"}, "missing_lines": [], "excluded_lines": [], "start_line": 32}, "AutoFixEngine.can_fix": {"executed_lines": [83], "summary": {"covered_lines": 1, "num_statements": 1, "percent_covered": 100.0, "percent_covered_display": "100", "missing_lines": 0, "excluded_lines": 0, "percent_statements_covered": 100.0, "percent_statements_covered_display": "100"}, "missing_lines": [], "excluded_lines": [], "start_line": 73}, "AutoFixEngine.fix": {"executed_lines": [97, 98, 102, 105, 106, 115, 116], "summary": {"covered_lines": 7, "num_statements": 8, "percent_covered": 87.5, "percent_covered_display": "88", "missing_lines": 1, "excluded_lines": 0, "percent_statements_covered": 87.5, "percent_statements_covered_display": "88"}, "missing_lines": [117], "excluded_lines": [], "start_line": 85}, "AutoFixEngine.fix_all": {"executed_lines": [131, 133, 134, 135, 139], "summary": {"covered_lines": 5, "num_statements": 6, "percent_covered": 83.33333333333333, "percent_covered_display": "83", "missing_lines": 1, "excluded_lines": 0, "percent_statements_covered": 83.33333333333333, "percent_statements_covered_display": "83"}, "missing_lines": [137], "excluded_lines": [], "start_line": 119}, "BaseFixer.__init__": {"executed_lines": [153, 154], "summary": {"covered_lines": 2, "num_statements": 2, "percent_covered": 100.0, "percent_covered_display": "100", "missing_lines": 0, "excluded_lines": 0, "percent_statements_covered": 100.0, "percent_statements_covered_display": "100"}, "missing_lines": [], "excluded_lines": [], "start_line": 145}, "BaseFixer.preview": {"executed_lines": [], "summary": {"covered_lines": 0, "num_statements": 0, "percent_covered": 100.0, "percent_covered_display": "100", "missing_lines": 0, "excluded_lines": 1, "percent_statements_covered": 100.0, "percent_statements_covered_display": "100"}, "missing_lines": [], "excluded_lines": [167], "start_line": 156}, "BaseFixer.apply": {"executed_lines": [], "summary": {"covered_lines": 0, "num_statements": 0, "percent_covered": 100.0, "percent_covered_display": "100", "missing_lines": 0, "excluded_lines": 1, "percent_statements_covered": 100.0, "percent_statements_covered_display": "100"}, "missing_lines": [], "excluded_lines": [180], "start_line": 169}, "": {"executed_lines": [8, 10, 11, 14, 22, 32, 73, 85, 119, 142, 145, 156, 169], "summary": {"covered_lines": 13, "num_statements": 13, "percent_covered": 100.0, "percent_covered_display": "100", "missing_lines": 0, "excluded_lines": 0, "percent_statements_covered": 100.0, "percent_statements_covered_display": "100"}, "missing_lines": [], "excluded_lines": [], "start_line": 1}}, "classes": {"AutoFixEngine": {"executed_lines": [29, 30, 34, 51, 52, 68, 69, 71, 83, 97, 98, 102, 105, 106, 115, 116, 131, 133, 134, 135, 139], "summary": {"covered_lines": 21, "num_statements": 23, "percent_covered": 91.30434782608695, "percent_covered_display": "91", "missing_lines": 2, "excluded_lines": 0, "percent_statements_covered": 91.30434782608695, "percent_statements_covered_display": "91"}, "missing_lines": [117, 137], "excluded_lines": [], "start_line": 14}, "BaseFixer": {"executed_lines": [153, 154], "summary": {"covered_lines": 2, "num_statements": 2, "percent_covered": 100.0, "percent_covered_display": "100", "missing_lines": 0, "excluded_lines": 2, "percent_statements_covered": 100.0, "percent_statements_covered_display": "100"}, "missing_lines": [], "excluded_lines": [167, 180], "start_line": 142}, "": {"executed_lines": [8, 10, 11, 14, 22, 32, 73, 85, 119, 142, 145, 156, 169], "summary": {"covered_lines": 13, "num_statements": 13, "percent_covered": 100.0, "percent_covered_display": "100", "missing_lines": 0, "excluded_lines": 0, "percent_statements_covered": 100.0, "percent_statements_covered_display": "100"}, "missing_lines": [], "excluded_lines": [], "start_line": 1}}}, "refactron\\autofix\\file_ops.py": {"executed_lines": [5, 6, 7, 8, 9, 10, 13, 16, 23, 24, 25, 27, 29, 36, 38, 40, 41, 42, 44, 54, 55, 58, 61, 62, 63, 66, 69, 77, 79, 81, 93, 94, 95, 98, 100, 105, 106, 109, 111, 124, 135, 137, 138, 141, 142, 144, 148, 149, 151, 158, 159, 162, 163, 164, 167, 168, 169, 170, 171, 173, 175, 182, 183, 185, 192, 195, 196, 197, 198, 201, 202, 204], "summary": {"covered_lines": 72, "num_statements": 84, "percent_covered": 85.71428571428571, "percent_covered_display": "86", "missing_lines": 12, "excluded_lines": 0, "percent_statements_covered": 85.71428571428571, "percent_statements_covered_display": "86"}, "missing_lines": [30, 31, 32, 33, 34, 35, 118, 120, 121, 122, 145, 165], "excluded_lines": [], "functions": {"FileOperations.__init__": {"executed_lines": [23, 24, 25], "summary": {"covered_lines": 3, "num_statements": 3, "percent_covered": 100.0, "percent_covered_display": "100", "missing_lines": 0, "excluded_lines": 0, "percent_statements_covered": 100.0, "percent_statements_covered_display": "100"}, "missing_lines": [], "excluded_lines": [], "start_line": 16}, "FileOperations._load_backup_index": {"executed_lines": [29, 36], "summary": {"covered_lines": 2, "num_statements": 8, "percent_covered": 25.0, "percent_covered_display": "25", "missing_lines": 6, "excluded_lines": 0, "percent_statements_covered": 25.0, "percent_statements_covered_display": "25"}, "missing_lines": [30, 31, 32, 33, 34, 35], "excluded_lines": [], "start_line": 27}, "FileOperations._save_backup_index": {"executed_lines": [40, 41, 42], "summary": {"covered_lines": 3, "num_statements": 3, "percent_covered": 100.0, "percent_covered_display": "100", "missing_lines": 0, "excluded_lines": 0, "percent_statements_covered": 100.0, "percent_statements_covered_display": "100"}, "missing_lines": [], "excluded_lines": [], "start_line": 38}, "FileOperations.backup_file": {"executed_lines": [54, 55, 58, 61, 62, 63, 66, 69, 77, 79], "summary": {"covered_lines": 10, "num_statements": 10, "percent_covered": 100.0, "percent_covered_display": "100", "missing_lines": 0, "excluded_lines": 0, "percent_statements_covered": 100.0, "percent_statements_covered_display": "100"}, "missing_lines": [], "excluded_lines": [], "start_line": 44}, "FileOperations.write_with_backup": {"executed_lines": [93, 94, 95, 98, 100, 105, 106, 109, 111], "summary": {"covered_lines": 9, "num_statements": 13, "percent_covered": 69.23076923076923, "percent_covered_display": "69", "missing_lines": 4, "excluded_lines": 0, "percent_statements_covered": 69.23076923076923, "percent_statements_covered_display": "69"}, "missing_lines": [118, 120, 121, 122], "excluded_lines": [], "start_line": 81}, "FileOperations.rollback_file": {"executed_lines": [135, 137, 138, 141, 142, 144, 148, 149], "summary": {"covered_lines": 8, "num_statements": 9, "percent_covered": 88.88888888888889, "percent_covered_display": "89", "missing_lines": 1, "excluded_lines": 0, "percent_statements_covered": 88.88888888888889, "percent_statements_covered_display": "89"}, "missing_lines": [145], "excluded_lines": [], "start_line": 124}, "FileOperations.rollback_all": {"executed_lines": [158, 159, 162, 163, 164, 167, 168, 169, 170, 171, 173], "summary": {"covered_lines": 11, "num_statements": 12, "percent_covered": 91.66666666666667, "percent_covered_display": "92", "missing_lines": 1, "excluded_lines": 0, "percent_statements_covered": 91.66666666666667, "percent_statements_covered_display": "92"}, "missing_lines": [165], "excluded_lines": [], "start_line": 151}, "FileOperations.list_backups": {"executed_lines": [182, 183], "summary": {"covered_lines": 2, "num_statements": 2, "percent_covered": 100.0, "percent_covered_display": "100", "missing_lines": 0, "excluded_lines": 0, "percent_statements_covered": 100.0, "percent_statements_covered_display": "100"}, "missing_lines": [], "excluded_lines": [], "start_line": 175}, "FileOperations.clear_backups": {"executed_lines": [192, 195, 196, 197, 198, 201, 202, 204], "summary": {"covered_lines": 8, "num_statements": 8, "percent_covered": 100.0, "percent_covered_display": "100", "missing_lines": 0, "excluded_lines": 0, "percent_statements_covered": 100.0, "percent_statements_covered_display": "100"}, "missing_lines": [], "excluded_lines": [], "start_line": 185}, "": {"executed_lines": [5, 6, 7, 8, 9, 10, 13, 16, 27, 38, 44, 81, 124, 151, 175, 185], "summary": {"covered_lines": 16, "num_statements": 16, "percent_covered": 100.0, "percent_covered_display": "100", "missing_lines": 0, "excluded_lines": 0, "percent_statements_covered": 100.0, "percent_statements_covered_display": "100"}, "missing_lines": [], "excluded_lines": [], "start_line": 1}}, "classes": {"FileOperations": {"executed_lines": [23, 24, 25, 29, 36, 40, 41, 42, 54, 55, 58, 61, 62, 63, 66, 69, 77, 79, 93, 94, 95, 98, 100, 105, 106, 109, 111, 135, 137, 138, 141, 142, 144, 148, 149, 158, 159, 162, 163, 164, 167, 168, 169, 170, 171, 173, 182, 183, 192, 195, 196, 197, 198, 201, 202, 204], "summary": {"covered_lines": 56, "num_statements": 68, "percent_covered": 82.3529411764706, "percent_covered_display": "82", "missing_lines": 12, "excluded_lines": 0, "percent_statements_covered": 82.3529411764706, "percent_statements_covered_display": "82"}, "missing_lines": [30, 31, 32, 33, 34, 35, 118, 120, 121, 122, 145, 165], "excluded_lines": [], "start_line": 13}, "": {"executed_lines": [5, 6, 7, 8, 9, 10, 13, 16, 27, 38, 44, 81, 124, 151, 175, 185], "summary": {"covered_lines": 16, "num_statements": 16, "percent_covered": 100.0, "percent_covered_display": "100", "missing_lines": 0, "excluded_lines": 0, "percent_statements_covered": 100.0, "percent_statements_covered_display": "100"}, "missing_lines": [], "excluded_lines": [], "start_line": 1}}}, "refactron\\autofix\\fixers.py": {"executed_lines": [8, 9, 11, 12, 13, 16, 19, 20, 22, 24, 26, 27, 35, 44, 48, 50, 51, 56, 57, 58, 59, 60, 68, 69, 70, 72, 82, 85, 86, 87, 88, 91, 92, 94, 96, 98, 100, 102, 103, 105, 106, 107, 109, 110, 112, 114, 116, 117, 119, 120, 121, 123, 124, 125, 126, 127, 130, 131, 132, 134, 137, 140, 141, 143, 146, 153, 154, 157, 160, 161, 163, 172, 176, 179, 184, 186, 188, 190, 193, 196, 197, 199, 201, 203, 210, 211, 213, 218, 227, 231, 233, 235, 239, 240, 243, 246, 248, 250, 252, 255, 258, 259, 261, 264, 266, 272, 273, 274, 276, 285, 289, 291, 294, 297, 298, 300, 304, 308, 313, 316, 317, 319, 350, 354, 359, 362, 363, 365, 391, 395, 400, 403, 404, 405, 407, 439, 443, 448, 451, 452, 454, 491, 495, 500, 503, 504, 506, 540, 544, 549, 552, 553, 555, 593, 597, 602, 605, 606, 607, 609, 645, 649, 654, 657, 658, 660, 682, 686, 691, 694, 695, 696, 698, 727, 731], "summary": {"covered_lines": 175, "num_statements": 309, "percent_covered": 56.63430420711974, "percent_covered_display": "57", "missing_lines": 134, "excluded_lines": 0, "percent_statements_covered": 56.63430420711974, "percent_statements_covered_display": "57"}, "missing_lines": [46, 52, 53, 71, 147, 174, 180, 181, 185, 204, 205, 214, 229, 236, 267, 287, 310, 321, 322, 324, 326, 327, 335, 343, 344, 352, 356, 367, 368, 369, 371, 372, 380, 382, 393, 397, 410, 412, 414, 415, 418, 419, 421, 422, 430, 441, 445, 457, 459, 460, 463, 464, 465, 468, 469, 470, 473, 474, 475, 477, 478, 482, 493, 497, 508, 510, 511, 515, 516, 517, 518, 521, 522, 523, 524, 526, 527, 531, 542, 546, 558, 559, 565, 566, 569, 570, 571, 572, 573, 574, 575, 577, 579, 580, 584, 595, 599, 611, 612, 613, 615, 617, 618, 619, 620, 621, 623, 625, 627, 628, 636, 647, 651, 662, 665, 666, 668, 669, 673, 684, 688, 700, 702, 704, 705, 708, 709, 710, 711, 713, 714, 718, 729, 733], "excluded_lines": [], "functions": {"RemoveUnusedImportsFixer.__init__": {"executed_lines": [20], "summary": {"covered_lines": 1, "num_statements": 1, "percent_covered": 100.0, "percent_covered_display": "100", "missing_lines": 0, "excluded_lines": 0, "percent_statements_covered": 100.0, "percent_statements_covered_display": "100"}, "missing_lines": [], "excluded_lines": [], "start_line": 19}, "RemoveUnusedImportsFixer.preview": {"executed_lines": [24, 26, 27, 35], "summary": {"covered_lines": 4, "num_statements": 4, "percent_covered": 100.0, "percent_covered_display": "100", "missing_lines": 0, "excluded_lines": 0, "percent_statements_covered": 100.0, "percent_statements_covered_display": "100"}, "missing_lines": [], "excluded_lines": [], "start_line": 22}, "RemoveUnusedImportsFixer.apply": {"executed_lines": [], "summary": {"covered_lines": 0, "num_statements": 1, "percent_covered": 0.0, "percent_covered_display": "0", "missing_lines": 1, "excluded_lines": 0, "percent_statements_covered": 0.0, "percent_statements_covered_display": "0"}, "missing_lines": [46], "excluded_lines": [], "start_line": 44}, "RemoveUnusedImportsFixer._remove_unused_imports": {"executed_lines": [50, 51, 56, 57, 58, 59, 60, 68, 69, 70, 72, 82, 85, 86, 87, 88, 91, 92, 94], "summary": {"covered_lines": 19, "num_statements": 22, "percent_covered": 86.36363636363636, "percent_covered_display": "86", "missing_lines": 3, "excluded_lines": 0, "percent_statements_covered": 86.36363636363636, "percent_statements_covered_display": "86"}, "missing_lines": [52, 53, 71], "excluded_lines": [], "start_line": 48}, "RemoveUnusedImportsFixer._find_used_names": {"executed_lines": [98, 100, 102, 103, 105, 106, 107, 109, 110, 112], "summary": {"covered_lines": 10, "num_statements": 10, "percent_covered": 100.0, "percent_covered_display": "100", "missing_lines": 0, "excluded_lines": 0, "percent_statements_covered": 100.0, "percent_statements_covered_display": "100"}, "missing_lines": [], "excluded_lines": [], "start_line": 96}, "RemoveUnusedImportsFixer._create_diff": {"executed_lines": [116, 117, 119, 120, 121, 123, 124, 125, 126, 127, 130, 131, 132, 134], "summary": {"covered_lines": 14, "num_statements": 14, "percent_covered": 100.0, "percent_covered_display": "100", "missing_lines": 0, "excluded_lines": 0, "percent_statements_covered": 100.0, "percent_statements_covered_display": "100"}, "missing_lines": [], "excluded_lines": [], "start_line": 114}, "ExtractMagicNumbersFixer.__init__": {"executed_lines": [141], "summary": {"covered_lines": 1, "num_statements": 1, "percent_covered": 100.0, "percent_covered_display": "100", "missing_lines": 0, "excluded_lines": 0, "percent_statements_covered": 100.0, "percent_statements_covered_display": "100"}, "missing_lines": [], "excluded_lines": [], "start_line": 140}, "ExtractMagicNumbersFixer.preview": {"executed_lines": [146, 153, 154, 157, 160, 161, 163], "summary": {"covered_lines": 7, "num_statements": 8, "percent_covered": 87.5, "percent_covered_display": "88", "missing_lines": 1, "excluded_lines": 0, "percent_statements_covered": 87.5, "percent_statements_covered_display": "88"}, "missing_lines": [147], "excluded_lines": [], "start_line": 143}, "ExtractMagicNumbersFixer.apply": {"executed_lines": [], "summary": {"covered_lines": 0, "num_statements": 1, "percent_covered": 0.0, "percent_covered_display": "0", "missing_lines": 1, "excluded_lines": 0, "percent_statements_covered": 0.0, "percent_statements_covered_display": "0"}, "missing_lines": [174], "excluded_lines": [], "start_line": 172}, "ExtractMagicNumbersFixer._generate_constant_name": {"executed_lines": [179, 184, 186], "summary": {"covered_lines": 3, "num_statements": 6, "percent_covered": 50.0, "percent_covered_display": "50", "missing_lines": 3, "excluded_lines": 0, "percent_statements_covered": 50.0, "percent_statements_covered_display": "50"}, "missing_lines": [180, 181, 185], "excluded_lines": [], "start_line": 176}, "ExtractMagicNumbersFixer._create_diff": {"executed_lines": [190], "summary": {"covered_lines": 1, "num_statements": 1, "percent_covered": 100.0, "percent_covered_display": "100", "missing_lines": 0, "excluded_lines": 0, "percent_statements_covered": 100.0, "percent_statements_covered_display": "100"}, "missing_lines": [], "excluded_lines": [], "start_line": 188}, "AddDocstringsFixer.__init__": {"executed_lines": [197], "summary": {"covered_lines": 1, "num_statements": 1, "percent_covered": 100.0, "percent_covered_display": "100", "missing_lines": 0, "excluded_lines": 0, "percent_statements_covered": 100.0, "percent_statements_covered_display": "100"}, "missing_lines": [], "excluded_lines": [], "start_line": 196}, "AddDocstringsFixer.preview": {"executed_lines": [201, 203, 210, 211, 213, 218], "summary": {"covered_lines": 6, "num_statements": 9, "percent_covered": 66.66666666666667, "percent_covered_display": "67", "missing_lines": 3, "excluded_lines": 0, "percent_statements_covered": 66.66666666666667, "percent_statements_covered_display": "67"}, "missing_lines": [204, 205, 214], "excluded_lines": [], "start_line": 199}, "AddDocstringsFixer.apply": {"executed_lines": [], "summary": {"covered_lines": 0, "num_statements": 1, "percent_covered": 0.0, "percent_covered_display": "0", "missing_lines": 1, "excluded_lines": 0, "percent_statements_covered": 0.0, "percent_statements_covered_display": "0"}, "missing_lines": [229], "excluded_lines": [], "star
[...]
overed_display": "100", "missing_lines": 0, "excluded_lines": 0, "percent_statements_covered": 100.0, "percent_statements_covered_display": "100"}, "missing_lines": [], "excluded_lines": [], "start_line": 1}}}, "refactron\\refactorers\\base_refactorer.py": {"executed_lines": [3, 4, 5, 7, 8, 11, 14, 21, 23, 24, 37, 38, 39], "summary": {"covered_lines": 13, "num_statements": 15, "percent_covered": 86.66666666666667, "percent_covered_display": "87", "missing_lines": 2, "excluded_lines": 0, "percent_statements_covered": 86.66666666666667, "percent_statements_covered_display": "87"}, "missing_lines": [35, 41], "excluded_lines": [], "functions": {"BaseRefactorer.__init__": {"executed_lines": [21], "summary": {"covered_lines": 1, "num_statements": 1, "percent_covered": 100.0, "percent_covered_display": "100", "missing_lines": 0, "excluded_lines": 0, "percent_statements_covered": 100.0, "percent_statements_covered_display": "100"}, "missing_lines": [], "excluded_lines": [], "start_line": 14}, "BaseRefactorer.refactor": {"executed_lines": [], "summary": {"covered_lines": 0, "num_statements": 1, "percent_covered": 0.0, "percent_covered_display": "0", "missing_lines": 1, "excluded_lines": 0, "percent_statements_covered": 0.0, "percent_statements_covered_display": "0"}, "missing_lines": [35], "excluded_lines": [], "start_line": 24}, "BaseRefactorer.operation_type": {"executed_lines": [], "summary": {"covered_lines": 0, "num_statements": 1, "percent_covered": 0.0, "percent_covered_display": "0", "missing_lines": 1, "excluded_lines": 0, "percent_statements_covered": 0.0, "percent_statements_covered_display": "0"}, "missing_lines": [41], "excluded_lines": [], "start_line": 39}, "": {"executed_lines": [3, 4, 5, 7, 8, 11, 14, 23, 24, 37, 38, 39], "summary": {"covered_lines": 12, "num_statements": 12, "percent_covered": 100.0, "percent_covered_display": "100", "missing_lines": 0, "excluded_lines": 0, "percent_statements_covered": 100.0, "percent_statements_covered_display": "100"}, "missing_lines": [], "excluded_lines": [], "start_line": 1}}, "classes": {"BaseRefactorer": {"executed_lines": [21], "summary": {"covered_lines": 1, "num_statements": 3, "percent_covered": 33.333333333333336, "percent_covered_display": "33", "missing_lines": 2, "excluded_lines": 0, "percent_statements_covered": 33.333333333333336, "percent_statements_covered_display": "33"}, "missing_lines": [35, 41], "excluded_lines": [], "start_line": 11}, "": {"executed_lines": [3, 4, 5, 7, 8, 11, 14, 23, 24, 37, 38, 39], "summary": {"covered_lines": 12, "num_statements": 12, "percent_covered": 100.0, "percent_covered_display": "100", "missing_lines": 0, "excluded_lines": 0, "percent_statements_covered": 100.0, "percent_statements_covered_display": "100"}, "missing_lines": [], "excluded_lines": [], "start_line": 1}}}, "refactron\\refactorers\\extract_method_refactorer.py": {"executed_lines": [3, 4, 5, 7, 8, 11, 14, 15, 16, 18, 29, 31, 32, 34, 35, 37, 39, 40, 42, 44, 51, 54, 56, 58, 59, 61, 62, 64, 75, 78, 80, 82, 84, 85, 86, 87], "summary": {"covered_lines": 36, "num_statements": 37, "percent_covered": 97.29729729729729, "percent_covered_display": "97", "missing_lines": 1, "excluded_lines": 0, "percent_statements_covered": 97.29729729729729, "percent_statements_covered_display": "97"}, "missing_lines": [89], "excluded_lines": [], "functions": {"ExtractMethodRefactorer.operation_type": {"executed_lines": [16], "summary": {"covered_lines": 1, "num_statements": 1, "percent_covered": 100.0, "percent_covered_display": "100", "missing_lines": 0, "excluded_lines": 0, "percent_statements_covered": 100.0, "percent_statements_covered_display": "100"}, "missing_lines": [], "excluded_lines": [], "start_line": 15}, "ExtractMethodRefactorer.refactor": {"executed_lines": [29, 31, 32, 34, 35, 37, 39, 40, 42], "summary": {"covered_lines": 9, "num_statements": 9, "percent_covered": 100.0, "percent_covered_display": "100", "missing_lines": 0, "excluded_lines": 0, "percent_statements_covered": 100.0, "percent_statements_covered_display": "100"}, "missing_lines": [], "excluded_lines": [], "start_line": 18}, "ExtractMethodRefactorer._analyze_function": {"executed_lines": [51, 54, 56, 58, 59, 61, 62, 64, 75, 78, 80], "summary": {"covered_lines": 11, "num_statements": 11, "percent_covered": 100.0, "percent_covered_display": "100", "missing_lines": 0, "excluded_lines": 0, "percent_statements_covered": 100.0, "percent_statements_covered_display": "100"}, "missing_lines": [], "excluded_lines": [], "start_line": 44}, "ExtractMethodRefactorer._get_code_snippet": {"executed_lines": [84, 85, 86, 87], "summary": {"covered_lines": 4, "num_statements": 5, "percent_covered": 80.0, "percent_covered_display": "80", "missing_lines": 1, "excluded_lines": 0, "percent_statements_covered": 80.0, "percent_statements_covered_display": "80"}, "missing_lines": [89], "excluded_lines": [], "start_line": 82}, "": {"executed_lines": [3, 4, 5, 7, 8, 11, 14, 15, 18, 44, 82], "summary": {"covered_lines": 11, "num_statements": 11, "percent_covered": 100.0, "percent_covered_display": "100", "missing_lines": 0, "excluded_lines": 0, "percent_statements_covered": 100.0, "percent_statements_covered_display": "100"}, "missing_lines": [], "excluded_lines": [], "start_line": 1}}, "classes": {"ExtractMethodRefactorer": {"executed_lines": [16, 29, 31, 32, 34, 35, 37, 39, 40, 42, 51, 54, 56, 58, 59, 61, 62, 64, 75, 78, 80, 84, 85, 86, 87], "summary": {"covered_lines": 25, "num_statements": 26, "percent_covered": 96.15384615384616, "percent_covered_display": "96", "missing_lines": 1, "excluded_lines": 0, "percent_statements_covered": 96.15384615384616, "percent_statements_covered_display": "96"}, "missing_lines": [89], "excluded_lines": [], "start_line": 11}, "": {"executed_lines": [3, 4, 5, 7, 8, 11, 14, 15, 18, 44, 82], "summary": {"covered_lines": 11, "num_statements": 11, "percent_covered": 100.0, "percent_covered_display": "100", "missing_lines": 0, "excluded_lines": 0, "percent_statements_covered": 100.0, "percent_statements_covered_display": "100"}, "missing_lines": [], "excluded_lines": [], "start_line": 1}}}, "refactron\\refactorers\\magic_number_refactorer.py": {"executed_lines": [3, 4, 5, 7, 8, 11, 14, 15, 16, 18, 29, 31, 32, 33, 36, 39, 40, 41, 42, 43, 44, 45, 46, 49, 50, 51, 52, 53, 55, 56, 58, 60, 62, 64, 65, 67, 68, 70, 72, 76, 77, 78, 79, 80, 83, 88, 89, 90, 91, 92, 93, 95, 99, 100, 105, 106, 107, 108, 111, 112, 113, 116, 117, 119, 121, 123, 137, 139, 141, 142, 143, 144, 154, 156, 157, 158, 159, 160, 163], "summary": {"covered_lines": 79, "num_statements": 90, "percent_covered": 87.77777777777777, "percent_covered_display": "88", "missing_lines": 11, "excluded_lines": 0, "percent_statements_covered": 87.77777777777777, "percent_statements_covered_display": "88"}, "missing_lines": [81, 96, 102, 145, 146, 147, 148, 150, 151, 155, 161], "excluded_lines": [], "functions": {"MagicNumberRefactorer.operation_type": {"executed_lines": [16], "summary": {"covered_lines": 1, "num_statements": 1, "percent_covered": 100.0, "percent_covered_display": "100", "missing_lines": 0, "excluded_lines": 0, "percent_statements_covered": 100.0, "percent_statements_covered_display": "100"}, "missing_lines": [], "excluded_lines": [], "start_line": 15}, "MagicNumberRefactorer.refactor": {"executed_lines": [29, 31, 32, 33, 36, 39, 40, 41, 42, 43, 44, 45, 46, 49, 50, 51, 52, 53, 55, 56, 58], "summary": {"covered_lines": 21, "num_statements": 21, "percent_covered": 100.0, "percent_covered_display": "100", "missing_lines": 0, "excluded_lines": 0, "percent_statements_covered": 100.0, "percent_statements_covered_display": "100"}, "missing_lines": [], "excluded_lines": [], "start_line": 18}, "MagicNumberRefactorer._find_magic_numbers": {"executed_lines": [62, 64, 65, 67, 68, 70], "summary": {"covered_lines": 6, "num_statements": 6, "percent_covered": 100.0, "percent_covered_display": "100", "missing_lines": 0, "excluded_lines": 0, "percent_statements_covered": 100.0, "percent_statements_covered_display": "100"}, "missing_lines": [], "excluded_lines": [], "start_line": 60}, "MagicNumberRefactorer._get_containing_function": {"executed_lines": [76, 77, 78, 79, 80], "summary": {"covered_lines": 5, "num_statements": 6, "percent_covered": 83.33333333333333, "percent_covered_display": "83", "missing_lines": 1, "excluded_lines": 0, "percent_statements_covered": 83.33333333333333, "percent_statements_covered_display": "83"}, "missing_lines": [81], "excluded_lines": [], "start_line": 72}, "MagicNumberRefactorer._create_refactoring": {"executed_lines": [88, 89, 90, 91, 92, 93, 95, 99, 100, 105, 106, 107, 108, 111, 112, 113, 116, 117, 119, 121, 123], "summary": {"covered_lines": 21, "num_statements": 23, "percent_covered": 91.30434782608695, "percent_covered_display": "91", "missing_lines": 2, "excluded_lines": 0, "percent_statements_covered": 91.30434782608695, "percent_statements_covered_display": "91"}, "missing_lines": [96, 102], "excluded_lines": [], "start_line": 83}, "MagicNumberRefactorer._generate_constant_name": {"executed_lines": [139, 141, 142, 143, 144, 154, 156, 157, 158, 159, 160, 163], "summary": {"covered_lines": 12, "num_statements": 20, "percent_covered": 60.0, "percent_covered_display": "60", "missing_lines": 8, "excluded_lines": 0, "percent_statements_covered": 60.0, "percent_statements_covered_display": "60"}, "missing_lines": [145, 146, 147, 148, 150, 151, 155, 161], "excluded_lines": [], "start_line": 137}, "": {"executed_lines": [3, 4, 5, 7, 8, 11, 14, 15, 18, 60, 72, 83, 137], "summary": {"covered_lines": 13, "num_statements": 13, "percent_covered": 100.0, "percent_covered_display": "100", "missing_lines": 0, "excluded_lines": 0, "percent_statements_covered": 100.0, "percent_statements_covered_display": "100"}, "missing_lines": [], "excluded_lines": [], "start_line": 1}}, "classes": {"MagicNumberRefactorer": {"executed_lines": [16, 29, 31, 32, 33, 36, 39, 40, 41, 42, 43, 44, 45, 46, 49, 50, 51, 52, 53, 55, 56, 58, 62, 64, 65, 67, 68, 70, 76, 77, 78, 79, 80, 88, 89, 90, 91, 92, 93, 95, 99, 100, 105, 106, 107, 108, 111, 112, 113, 116, 117, 119, 121, 123, 139, 141, 142, 143, 144, 154, 156, 157, 158, 159, 160, 163], "summary": {"covered_lines": 66, "num_statements": 77, "percent_covered": 85.71428571428571, "percent_covered_display": "86", "missing_lines": 11, "excluded_lines": 0, "percent_statements_covered": 85.71428571428571, "percent_statements_covered_display": "86"}, "missing_lines": [81, 96, 102, 145, 146, 147, 148, 150, 151, 155, 161], "excluded_lines": [], "start_line": 11}, "": {"executed_lines": [3, 4, 5, 7, 8, 11, 14, 15, 18, 60, 72, 83, 137], "summary": {"covered_lines": 13, "num_statements": 13, "percent_covered": 100.0, "percent_covered_display": "100", "missing_lines": 0, "excluded_lines": 0, "percent_statements_covered": 100.0, "percent_statements_covered_display": "100"}, "missing_lines": [], "excluded_lines": [], "start_line": 1}}}, "refactron\\refactorers\\reduce_parameters_refactorer.py": {"executed_lines": [3, 4, 5, 7, 8, 11, 14, 15, 16, 18, 29, 31, 32, 33, 35, 36, 37, 39, 40, 43, 44, 46, 47, 49, 51, 60, 61, 66, 68, 93, 97, 98, 101, 104, 112, 114, 115, 118, 134, 135, 137, 153, 155, 157, 159, 160, 161, 162, 163, 165, 166, 168], "summary": {"covered_lines": 52, "num_statements": 54, "percent_covered": 96.29629629629629, "percent_covered_display": "96", "missing_lines": 2, "excluded_lines": 0, "percent_statements_covered": 96.29629629629629, "percent_statements_covered_display": "96"}, "missing_lines": [63, 164], "excluded_lines": [], "functions": {"ReduceParametersRefactorer.operation_type": {"executed_lines": [16], "summary": {"covered_lines": 1, "num_statements": 1, "percent_covered": 100.0, "percent_covered_display": "100", "missing_lines": 0, "excluded_lines": 0, "percent_statements_covered": 100.0, "percent_statements_covered_display": "100"}, "missing_lines": [], "excluded_lines": [], "start_line": 15}, "ReduceParametersRefactorer.refactor": {"executed_lines": [29, 31, 32, 33, 35, 36, 37, 39, 40, 43, 44, 46, 47, 49], "summary": {"covered_lines": 14, "num_statements": 14, "percent_covered": 100.0, "percent_covered_display": "100", "missing_lines": 0, "excluded_lines": 0, "percent_statements_covered": 100.0, "percent_statements_covered_display": "100"}, "missing_lines": [], "excluded_lines": [], "start_line": 18}, "ReduceParametersRefactorer._create_parameter_reduction": {"executed_lines": [60, 61, 66, 68], "summary": {"covered_lines": 4, "num_statements": 5, "percent_covered": 80.0, "percent_covered_display": "80", "missing_lines": 1, "excluded_lines": 0, "percent_statements_covered": 80.0, "percent_statements_covered_display": "80"}, "missing_lines": [63], "excluded_lines": [], "start_line": 51}, "ReduceParametersRefactorer._generate_with_config_object": {"executed_lines": [97, 98, 101, 104, 112, 114, 115, 118, 134, 135, 137, 153], "summary": {"covered_lines": 12, "num_statements": 12, "percent_covered": 100.0, "percent_covered_display": "100", "missing_lines": 0, "excluded_lines": 0, "percent_statements_covered": 100.0, "percent_statements_covered_display": "100"}, "missing_lines": [], "excluded_lines": [], "start_line": 93}, "ReduceParametersRefactorer._infer_type": {"executed_lines": [157, 159, 160, 161, 162, 163, 165, 166, 168], "summary": {"covered_lines": 9, "num_statements": 10, "percent_covered": 90.0, "percent_covered_display": "90", "missing_lines": 1, "excluded_lines": 0, "percent_statements_covered": 90.0, "percent_statements_covered_display": "90"}, "missing_lines": [164], "excluded_lines": [], "start_line": 155}, "": {"executed_lines": [3, 4, 5, 7, 8, 11, 14, 15, 18, 51, 93, 155], "summary": {"covered_lines": 12, "num_statements": 12, "percent_covered": 100.0, "percent_covered_display": "100", "missing_lines": 0, "excluded_lines": 0, "percent_statements_covered": 100.0, "percent_statements_covered_display": "100"}, "missing_lines": [], "excluded_lines": [], "start_line": 1}}, "classes": {"ReduceParametersRefactorer": {"executed_lines": [16, 29, 31, 32, 33, 35, 36, 37, 39, 40, 43, 44, 46, 47, 49, 60, 61, 66, 68, 97, 98, 101, 104, 112, 114, 115, 118, 134, 135, 137, 153, 157, 159, 160, 161, 162, 163, 165, 166, 168], "summary": {"covered_lines": 40, "num_statements": 42, "percent_covered": 95.23809523809524, "percent_covered_display": "95", "missing_lines": 2, "excluded_lines": 0, "percent_statements_covered": 95.23809523809524, "percent_statements_covered_display": "95"}, "missing_lines": [63, 164], "excluded_lines": [], "start_line": 11}, "": {"executed_lines": [3, 4, 5, 7, 8, 11, 14, 15, 18, 51, 93, 155], "summary": {"covered_lines": 12, "num_statements": 12, "percent_covered": 100.0, "percent_covered_display": "100", "missing_lines": 0, "excluded_lines": 0, "percent_statements_covered": 100.0, "percent_statements_covered_display": "100"}, "missing_lines": [], "excluded_lines": [], "start_line": 1}}}, "refactron\\refactorers\\simplify_conditionals_refactorer.py": {"executed_lines": [3, 4, 5, 7, 8, 11, 14, 15, 16, 18, 29, 31, 32, 33, 35, 36, 37, 39, 40, 41, 42, 44, 45, 47, 49, 51, 52, 54, 55, 56, 57, 59, 61, 70, 71, 76, 78, 97, 102, 105, 108, 125], "summary": {"covered_lines": 42, "num_statements": 43, "percent_covered": 97.67441860465117, "percent_covered_display": "98", "missing_lines": 1, "excluded_lines": 0, "percent_statements_covered": 97.67441860465117, "percent_statements_covered_display": "98"}, "missing_lines": [73], "excluded_lines": [], "functions": {"SimplifyConditionalsRefactorer.operation_type": {"executed_lines": [16], "summary": {"covered_lines": 1, "num_statements": 1, "percent_covered": 100.0, "percent_covered_display": "100", "missing_lines": 0, "excluded_lines": 0, "percent_statements_covered": 100.0, "percent_statements_covered_display": "100"}, "missing_lines": [], "excluded_lines": [], "start_line": 15}, "SimplifyConditionalsRefactorer.refactor": {"executed_lines": [29, 31, 32, 33, 35, 36, 37, 39, 40, 41, 42, 44, 45, 47], "summary": {"covered_lines": 14, "num_statements": 14, "percent_covered": 100.0, "percent_covered_display": "100", "missing_lines": 0, "excluded_lines": 0, "percent_statements_covered": 100.0, "percent_statements_covered_display": "100"}, "missing_lines": [], "excluded_lines": [], "start_line": 18}, "SimplifyConditionalsRefactorer._get_max_nesting_depth": {"executed_lines": [51, 52, 54, 55, 56, 57, 59], "summary": {"covered_lines": 7, "num_statements": 7, "percent_covered": 100.0, "percent_covered_display": "100", "missing_lines": 0, "excluded_lines": 0, "percent_statements_covered": 100.0, "percent_statements_covered_display": "100"}, "missing_lines": [], "excluded_lines": [], "start_line": 49}, "SimplifyConditionalsRefactorer._create_simplification": {"executed_lines": [70, 71, 76, 78], "summary": {"covered_lines": 4, "num_statements": 5, "percent_covered": 80.0, "percent_covered_display": "80", "missing_lines": 1, "excluded_lines": 0, "percent_statements_covered": 80.0, "percent_statements_covered_display": "80"}, "missing_lines": [73], "excluded_lines": [], "start_line": 61}, "SimplifyConditionalsRefactorer._generate_simplified_version": {"executed_lines": [102, 105, 108, 125], "summary": {"covered_lines": 4, "num_statements": 4, "percent_covered": 100.0, "percent_covered_display": "100", "missing_lines": 0, "excluded_lines": 0, "percent_statements_covered": 100.0, "percent_statements_covered_display": "100"}, "missing_lines": [], "excluded_lines": [], "start_line": 97}, "": {"executed_lines": [3, 4, 5, 7, 8, 11, 14, 15, 18, 49, 61, 97], "summary": {"covered_lines": 12, "num_statements": 12, "percent_covered": 100.0, "percent_covered_display": "100", "missing_lines": 0, "excluded_lines": 0, "percent_statements_covered": 100.0, "percent_statements_covered_display": "100"}, "missing_lines": [], "excluded_lines": [], "start_line": 1}}, "classes": {"SimplifyConditionalsRefactorer": {"executed_lines": [16, 29, 31, 32, 33, 35, 36, 37, 39, 40, 41, 42, 44, 45, 47, 51, 52, 54, 55, 56, 57, 59, 70, 71, 76, 78, 102, 105, 108, 125], "summary": {"covered_lines": 30, "num_statements": 31, "percent_covered": 96.7741935483871, "percent_covered_display": "97", "missing_lines": 1, "excluded_lines": 0, "percent_statements_covered": 96.7741935483871, "percent_statements_covered_display": "97"}, "missing_lines": [73], "excluded_lines": [], "start_line": 11}, "": {"executed_lines": [3, 4, 5, 7, 8, 11, 14, 15, 18, 49, 61, 97], "summary": {"covered_lines": 12, "num_statements": 12, "percent_covered": 100.0, "percent_covered_display": "100", "missing_lines": 0, "excluded_lines": 0, "percent_statements_covered": 100.0, "percent_statements_covered_display": "100"}, "missing_lines": [], "excluded_lines": [], "start_line": 1}}}, "refactron\\rules\\__init__.py": {"executed_lines": [], "summary": {"covered_lines": 0, "num_statements": 0, "percent_covered": 100.0, "percent_covered_display": "100", "missing_lines": 0, "excluded_lines": 0, "percent_statements_covered": 100.0, "percent_statements_covered_display": "100"}, "missing_lines": [], "excluded_lines": [], "functions": {"": {"executed_lines": [], "summary": {"covered_lines": 0, "num_statements": 0, "percent_covered": 100.0, "percent_covered_display": "100", "missing_lines": 0, "excluded_lines": 0, "percent_statements_covered": 100.0, "percent_statements_covered_display": "100"}, "missing_lines": [], "excluded_lines": [], "start_line": 1}}, "classes": {"": {"executed_lines": [], "summary": {"covered_lines": 0, "num_statements": 0, "percent_covered": 100.0, "percent_covered_display": "100", "missing_lines": 0, "excluded_lines": 0, "percent_statements_covered": 100.0, "percent_statements_covered_display": "100"}, "missing_lines": [], "excluded_lines": [], "start_line": 1}}}}, "totals": {"covered_lines": 5531, "num_statements": 7974, "percent_covered": 69.36292952094307, "percent_covered_display": "69", "missing_lines": 2443, "excluded_lines": 6, "percent_statements_covered": 69.36292952094307, "percent_statements_covered_display": "69"}}
